{"/Users/akiftaseen/Documents/fyp/Quantum-computing-circuit/src/logic/amplitudeAnalysis.ts": {"path":"/Users/akiftaseen/Documents/fyp/Quantum-computing-circuit/src/logic/amplitudeAnalysis.ts","statementMap":{"0":{"start":{"line":7,"column":24},"end":{"line":9,"column":null}},"1":{"start":{"line":8,"column":2},"end":{"line":8,"column":null}},"2":{"start":{"line":14,"column":28},"end":{"line":16,"column":null}},"3":{"start":{"line":15,"column":2},"end":{"line":15,"column":null}},"4":{"start":{"line":37,"column":33},"end":{"line":61,"column":null}},"5":{"start":{"line":38,"column":36},"end":{"line":38,"column":null}},"6":{"start":{"line":39,"column":27},"end":{"line":42,"column":null}},"7":{"start":{"line":40,"column":16},"end":{"line":40,"column":null}},"8":{"start":{"line":41,"column":4},"end":{"line":41,"column":null}},"9":{"start":{"line":44,"column":2},"end":{"line":58,"column":null}},"10":{"start":{"line":44,"column":15},"end":{"line":44,"column":18}},"11":{"start":{"line":45,"column":22},"end":{"line":45,"column":null}},"12":{"start":{"line":46,"column":22},"end":{"line":46,"column":null}},"13":{"start":{"line":47,"column":25},"end":{"line":47,"column":null}},"14":{"start":{"line":49,"column":4},"end":{"line":57,"column":null}},"15":{"start":{"line":50,"column":6},"end":{"line":56,"column":null}},"16":{"start":{"line":60,"column":2},"end":{"line":60,"column":null}},"17":{"start":{"line":60,"column":32},"end":{"line":60,"column":61}},"18":{"start":{"line":67,"column":42},"end":{"line":102,"column":null}},"19":{"start":{"line":71,"column":14},"end":{"line":71,"column":null}},"20":{"start":{"line":73,"column":24},"end":{"line":73,"column":null}},"21":{"start":{"line":74,"column":24},"end":{"line":74,"column":null}},"22":{"start":{"line":77,"column":2},"end":{"line":96,"column":null}},"23":{"start":{"line":77,"column":15},"end":{"line":77,"column":18}},"24":{"start":{"line":78,"column":4},"end":{"line":95,"column":null}},"25":{"start":{"line":78,"column":17},"end":{"line":78,"column":24}},"26":{"start":{"line":79,"column":6},"end":{"line":94,"column":null}},"27":{"start":{"line":80,"column":23},"end":{"line":80,"column":null}},"28":{"start":{"line":81,"column":23},"end":{"line":81,"column":null}},"29":{"start":{"line":82,"column":26},"end":{"line":82,"column":null}},"30":{"start":{"line":85,"column":21},"end":{"line":85,"column":null}},"31":{"start":{"line":86,"column":21},"end":{"line":86,"column":null}},"32":{"start":{"line":87,"column":14},"end":{"line":87,"column":null}},"33":{"start":{"line":89,"column":8},"end":{"line":93,"column":null}},"34":{"start":{"line":90,"column":28},"end":{"line":90,"column":null}},"35":{"start":{"line":91,"column":10},"end":{"line":91,"column":null}},"36":{"start":{"line":92,"column":10},"end":{"line":92,"column":null}},"37":{"start":{"line":98,"column":2},"end":{"line":101,"column":null}},"38":{"start":{"line":108,"column":32},"end":{"line":127,"column":null}},"39":{"start":{"line":109,"column":14},"end":{"line":109,"column":null}},"40":{"start":{"line":110,"column":25},"end":{"line":110,"column":null}},"41":{"start":{"line":111,"column":25},"end":{"line":111,"column":null}},"42":{"start":{"line":113,"column":2},"end":{"line":124,"column":null}},"43":{"start":{"line":113,"column":15},"end":{"line":113,"column":18}},"44":{"start":{"line":114,"column":4},"end":{"line":123,"column":null}},"45":{"start":{"line":114,"column":17},"end":{"line":114,"column":24}},"46":{"start":{"line":115,"column":19},"end":{"line":115,"column":null}},"47":{"start":{"line":116,"column":19},"end":{"line":116,"column":null}},"48":{"start":{"line":117,"column":21},"end":{"line":117,"column":null}},"49":{"start":{"line":118,"column":6},"end":{"line":118,"column":null}},"50":{"start":{"line":118,"column":26},"end":{"line":118,"column":null}},"51":{"start":{"line":120,"column":24},"end":{"line":120,"column":null}},"52":{"start":{"line":121,"column":6},"end":{"line":121,"column":null}},"53":{"start":{"line":122,"column":6},"end":{"line":122,"column":null}},"54":{"start":{"line":126,"column":2},"end":{"line":126,"column":null}},"55":{"start":{"line":132,"column":41},"end":{"line":162,"column":null}},"56":{"start":{"line":136,"column":18},"end":{"line":136,"column":null}},"57":{"start":{"line":137,"column":36},"end":{"line":137,"column":null}},"58":{"start":{"line":139,"column":2},"end":{"line":157,"column":null}},"59":{"start":{"line":139,"column":15},"end":{"line":139,"column":18}},"60":{"start":{"line":140,"column":4},"end":{"line":156,"column":null}},"61":{"start":{"line":140,"column":17},"end":{"line":140,"column":24}},"62":{"start":{"line":141,"column":16},"end":{"line":141,"column":null}},"63":{"start":{"line":142,"column":16},"end":{"line":142,"column":null}},"64":{"start":{"line":143,"column":25},"end":{"line":143,"column":null}},"65":{"start":{"line":144,"column":30},"end":{"line":144,"column":null}},"66":{"start":{"line":145,"column":18},"end":{"line":145,"column":null}},"67":{"start":{"line":147,"column":8},"end":{"line":147,"column":null}},"68":{"start":{"line":149,"column":6},"end":{"line":155,"column":null}},"69":{"start":{"line":159,"column":2},"end":{"line":161,"column":null}},"70":{"start":{"line":160,"column":20},"end":{"line":160,"column":57}}},"fnMap":{"0":{"name":"(anonymous_0)","decl":{"start":{"line":7,"column":24},"end":{"line":7,"column":25}},"loc":{"start":{"line":7,"column":48},"end":{"line":9,"column":null}},"line":7},"1":{"name":"(anonymous_1)","decl":{"start":{"line":14,"column":28},"end":{"line":14,"column":29}},"loc":{"start":{"line":14,"column":52},"end":{"line":16,"column":null}},"line":14},"2":{"name":"(anonymous_2)","decl":{"start":{"line":37,"column":33},"end":{"line":37,"column":34}},"loc":{"start":{"line":37,"column":73},"end":{"line":61,"column":null}},"line":37},"3":{"name":"(anonymous_3)","decl":{"start":{"line":39,"column":40},"end":{"line":39,"column":41}},"loc":{"start":{"line":39,"column":52},"end":{"line":42,"column":5}},"line":39},"4":{"name":"(anonymous_4)","decl":{"start":{"line":60,"column":22},"end":{"line":60,"column":23}},"loc":{"start":{"line":60,"column":32},"end":{"line":60,"column":61}},"line":60},"5":{"name":"(anonymous_5)","decl":{"start":{"line":67,"column":42},"end":{"line":67,"column":null}},"loc":{"start":{"line":70,"column":52},"end":{"line":102,"column":null}},"line":70},"6":{"name":"(anonymous_6)","decl":{"start":{"line":108,"column":32},"end":{"line":108,"column":33}},"loc":{"start":{"line":108,"column":62},"end":{"line":127,"column":null}},"line":108},"7":{"name":"(anonymous_7)","decl":{"start":{"line":132,"column":41},"end":{"line":132,"column":null}},"loc":{"start":{"line":135,"column":26},"end":{"line":162,"column":null}},"line":135},"8":{"name":"(anonymous_8)","decl":{"start":{"line":160,"column":10},"end":{"line":160,"column":11}},"loc":{"start":{"line":160,"column":20},"end":{"line":160,"column":57}},"line":160}},"branchMap":{"0":{"loc":{"start":{"line":49,"column":4},"end":{"line":57,"column":null}},"type":"if","locations":[{"start":{"line":49,"column":4},"end":{"line":57,"column":null}},{"start":{},"end":{}}],"line":49},"1":{"loc":{"start":{"line":51,"column":38},"end":{"line":51,"column":68}},"type":"binary-expr","locations":[{"start":{"line":51,"column":38},"end":{"line":51,"column":65}},{"start":{"line":51,"column":65},"end":{"line":51,"column":68}}],"line":51},"2":{"loc":{"start":{"line":79,"column":6},"end":{"line":94,"column":null}},"type":"if","locations":[{"start":{"line":79,"column":6},"end":{"line":94,"column":null}},{"start":{},"end":{}}],"line":79},"3":{"loc":{"start":{"line":89,"column":8},"end":{"line":93,"column":null}},"type":"if","locations":[{"start":{"line":89,"column":8},"end":{"line":93,"column":null}},{"start":{},"end":{}}],"line":89},"4":{"loc":{"start":{"line":118,"column":6},"end":{"line":118,"column":null}},"type":"if","locations":[{"start":{"line":118,"column":6},"end":{"line":118,"column":null}},{"start":{},"end":{}}],"line":118},"5":{"loc":{"start":{"line":126,"column":9},"end":{"line":126,"column":null}},"type":"cond-expr","locations":[{"start":{"line":126,"column":36},"end":{"line":126,"column":87}},{"start":{"line":126,"column":87},"end":{"line":126,"column":null}}],"line":126},"6":{"loc":{"start":{"line":134,"column":2},"end":{"line":134,"column":null}},"type":"default-arg","locations":[{"start":{"line":134,"column":13},"end":{"line":134,"column":null}}],"line":134},"7":{"loc":{"start":{"line":147,"column":8},"end":{"line":147,"column":null}},"type":"cond-expr","locations":[{"start":{"line":147,"column":21},"end":{"line":147,"column":38}},{"start":{"line":147,"column":38},"end":{"line":147,"column":null}}],"line":147},"8":{"loc":{"start":{"line":147,"column":38},"end":{"line":147,"column":null}},"type":"cond-expr","locations":[{"start":{"line":147,"column":52},"end":{"line":147,"column":68}},{"start":{"line":147,"column":68},"end":{"line":147,"column":null}}],"line":147}},"s":{"0":1,"1":0,"2":1,"3":8,"4":1,"5":0,"6":0,"7":0,"8":0,"9":0,"10":0,"11":0,"12":0,"13":0,"14":0,"15":0,"16":0,"17":0,"18":1,"19":0,"20":0,"21":0,"22":0,"23":0,"24":0,"25":0,"26":0,"27":0,"28":0,"29":0,"30":0,"31":0,"32":0,"33":0,"34":0,"35":0,"36":0,"37":0,"38":1,"39":0,"40":0,"41":0,"42":0,"43":0,"44":0,"45":0,"46":0,"47":0,"48":0,"49":0,"50":0,"51":0,"52":0,"53":0,"54":0,"55":1,"56":0,"57":0,"58":0,"59":0,"60":0,"61":0,"62":0,"63":0,"64":0,"65":0,"66":0,"67":0,"68":0,"69":0,"70":0},"f":{"0":0,"1":8,"2":0,"3":0,"4":0,"5":0,"6":0,"7":0,"8":0},"b":{"0":[0,0],"1":[0,0],"2":[0,0],"3":[0,0],"4":[0,0],"5":[0,0],"6":[0],"7":[0,0],"8":[0,0]},"meta":{"lastBranch":9,"lastFunction":9,"lastStatement":71,"seen":{"s:7:24:9:Infinity":0,"f:7:24:7:25":0,"s:8:2:8:Infinity":1,"s:14:28:16:Infinity":2,"f:14:28:14:29":1,"s:15:2:15:Infinity":3,"s:37:33:61:Infinity":4,"f:37:33:37:34":2,"s:38:36:38:Infinity":5,"s:39:27:42:Infinity":6,"f:39:40:39:41":3,"s:40:16:40:Infinity":7,"s:41:4:41:Infinity":8,"s:44:2:58:Infinity":9,"s:44:15:44:18":10,"s:45:22:45:Infinity":11,"s:46:22:46:Infinity":12,"s:47:25:47:Infinity":13,"b:49:4:57:Infinity:undefined:undefined:undefined:undefined":0,"s:49:4:57:Infinity":14,"s:50:6:56:Infinity":15,"b:51:38:51:65:51:65:51:68":1,"s:60:2:60:Infinity":16,"f:60:22:60:23":4,"s:60:32:60:61":17,"s:67:42:102:Infinity":18,"f:67:42:67:Infinity":5,"s:71:14:71:Infinity":19,"s:73:24:73:Infinity":20,"s:74:24:74:Infinity":21,"s:77:2:96:Infinity":22,"s:77:15:77:18":23,"s:78:4:95:Infinity":24,"s:78:17:78:24":25,"b:79:6:94:Infinity:undefined:undefined:undefined:undefined":2,"s:79:6:94:Infinity":26,"s:80:23:80:Infinity":27,"s:81:23:81:Infinity":28,"s:82:26:82:Infinity":29,"s:85:21:85:Infinity":30,"s:86:21:86:Infinity":31,"s:87:14:87:Infinity":32,"b:89:8:93:Infinity:undefined:undefined:undefined:undefined":3,"s:89:8:93:Infinity":33,"s:90:28:90:Infinity":34,"s:91:10:91:Infinity":35,"s:92:10:92:Infinity":36,"s:98:2:101:Infinity":37,"s:108:32:127:Infinity":38,"f:108:32:108:33":6,"s:109:14:109:Infinity":39,"s:110:25:110:Infinity":40,"s:111:25:111:Infinity":41,"s:113:2:124:Infinity":42,"s:113:15:113:18":43,"s:114:4:123:Infinity":44,"s:114:17:114:24":45,"s:115:19:115:Infinity":46,"s:116:19:116:Infinity":47,"s:117:21:117:Infinity":48,"b:118:6:118:Infinity:undefined:undefined:undefined:undefined":4,"s:118:6:118:Infinity":49,"s:118:26:118:Infinity":50,"s:120:24:120:Infinity":51,"s:121:6:121:Infinity":52,"s:122:6:122:Infinity":53,"s:126:2:126:Infinity":54,"b:126:36:126:87:126:87:126:Infinity":5,"s:132:41:162:Infinity":55,"f:132:41:132:Infinity":7,"b:134:13:134:Infinity":6,"s:136:18:136:Infinity":56,"s:137:36:137:Infinity":57,"s:139:2:157:Infinity":58,"s:139:15:139:18":59,"s:140:4:156:Infinity":60,"s:140:17:140:24":61,"s:141:16:141:Infinity":62,"s:142:16:142:Infinity":63,"s:143:25:143:Infinity":64,"s:144:30:144:Infinity":65,"s:145:18:145:Infinity":66,"s:147:8:147:Infinity":67,"b:147:21:147:38:147:38:147:Infinity":7,"b:147:52:147:68:147:68:147:Infinity":8,"s:149:6:155:Infinity":68,"s:159:2:161:Infinity":69,"f:160:10:160:11":8,"s:160:20:160:57":70}}}
,"/Users/akiftaseen/Documents/fyp/Quantum-computing-circuit/src/logic/benchmarkSuites.ts": {"path":"/Users/akiftaseen/Documents/fyp/Quantum-computing-circuit/src/logic/benchmarkSuites.ts","statementMap":{"0":{"start":{"line":24,"column":50},"end":{"line":49,"column":null}},"1":{"start":{"line":51,"column":24},"end":{"line":56,"column":null}},"2":{"start":{"line":52,"column":14},"end":{"line":52,"column":null}},"3":{"start":{"line":53,"column":19},"end":{"line":53,"column":null}},"4":{"start":{"line":54,"column":14},"end":{"line":54,"column":null}},"5":{"start":{"line":54,"column":41},"end":{"line":54,"column":80}},"6":{"start":{"line":55,"column":2},"end":{"line":55,"column":null}},"7":{"start":{"line":58,"column":33},"end":{"line":97,"column":null}},"8":{"start":{"line":63,"column":8},"end":{"line":63,"column":null}},"9":{"start":{"line":64,"column":2},"end":{"line":72,"column":null}},"10":{"start":{"line":65,"column":4},"end":{"line":71,"column":null}},"11":{"start":{"line":74,"column":8},"end":{"line":74,"column":null}},"12":{"start":{"line":75,"column":14},"end":{"line":75,"column":null}},"13":{"start":{"line":76,"column":28},"end":{"line":76,"column":null}},"14":{"start":{"line":78,"column":2},"end":{"line":88,"column":null}},"15":{"start":{"line":79,"column":4},"end":{"line":84,"column":null}},"16":{"start":{"line":80,"column":18},"end":{"line":80,"column":null}},"17":{"start":{"line":81,"column":12},"end":{"line":81,"column":null}},"18":{"start":{"line":82,"column":6},"end":{"line":82,"column":null}},"19":{"start":{"line":83,"column":6},"end":{"line":83,"column":null}},"20":{"start":{"line":86,"column":4},"end":{"line":86,"column":null}},"21":{"start":{"line":87,"column":4},"end":{"line":87,"column":null}},"22":{"start":{"line":90,"column":2},"end":{"line":96,"column":null}}},"fnMap":{"0":{"name":"(anonymous_0)","decl":{"start":{"line":51,"column":24},"end":{"line":51,"column":25}},"loc":{"start":{"line":51,"column":54},"end":{"line":56,"column":null}},"line":51},"1":{"name":"(anonymous_1)","decl":{"start":{"line":54,"column":27},"end":{"line":54,"column":28}},"loc":{"start":{"line":54,"column":41},"end":{"line":54,"column":80}},"line":54},"2":{"name":"(anonymous_2)","decl":{"start":{"line":58,"column":33},"end":{"line":58,"column":null}},"loc":{"start":{"line":62,"column":22},"end":{"line":97,"column":null}},"line":62}},"branchMap":{"0":{"loc":{"start":{"line":64,"column":2},"end":{"line":72,"column":null}},"type":"if","locations":[{"start":{"line":64,"column":2},"end":{"line":72,"column":null}},{"start":{},"end":{}}],"line":64},"1":{"loc":{"start":{"line":78,"column":2},"end":{"line":88,"column":null}},"type":"if","locations":[{"start":{"line":78,"column":2},"end":{"line":88,"column":null}},{"start":{"line":85,"column":9},"end":{"line":88,"column":null}}],"line":78},"2":{"loc":{"start":{"line":81,"column":22},"end":{"line":81,"column":40}},"type":"binary-expr","locations":[{"start":{"line":81,"column":22},"end":{"line":81,"column":34}},{"start":{"line":81,"column":34},"end":{"line":81,"column":40}}],"line":81}},"s":{"0":1,"1":1,"2":1,"3":1,"4":1,"5":8,"6":1,"7":1,"8":3,"9":3,"10":0,"11":3,"12":3,"13":3,"14":3,"15":2,"16":4,"17":4,"18":4,"19":4,"20":1,"21":1,"22":3},"f":{"0":1,"1":8,"2":3},"b":{"0":[0,3],"1":[2,1],"2":[4,0]},"meta":{"lastBranch":3,"lastFunction":3,"lastStatement":23,"seen":{"s:24:50:49:Infinity":0,"s:51:24:56:Infinity":1,"f:51:24:51:25":0,"s:52:14:52:Infinity":2,"s:53:19:53:Infinity":3,"s:54:14:54:Infinity":4,"f:54:27:54:28":1,"s:54:41:54:80":5,"s:55:2:55:Infinity":6,"s:58:33:97:Infinity":7,"f:58:33:58:Infinity":2,"s:63:8:63:Infinity":8,"b:64:2:72:Infinity:undefined:undefined:undefined:undefined":0,"s:64:2:72:Infinity":9,"s:65:4:71:Infinity":10,"s:74:8:74:Infinity":11,"s:75:14:75:Infinity":12,"s:76:28:76:Infinity":13,"b:78:2:88:Infinity:85:9:88:Infinity":1,"s:78:2:88:Infinity":14,"s:79:4:84:Infinity":15,"s:80:18:80:Infinity":16,"s:81:12:81:Infinity":17,"b:81:22:81:34:81:34:81:40":2,"s:82:6:82:Infinity":18,"s:83:6:83:Infinity":19,"s:86:4:86:Infinity":20,"s:87:4:87:Infinity":21,"s:90:2:96:Infinity":22}}}
,"/Users/akiftaseen/Documents/fyp/Quantum-computing-circuit/src/logic/chartDomains.ts": {"path":"/Users/akiftaseen/Documents/fyp/Quantum-computing-circuit/src/logic/chartDomains.ts","statementMap":{"0":{"start":{"line":10,"column":37},"end":{"line":57,"column":null}},"1":{"start":{"line":21,"column":6},"end":{"line":21,"column":null}},"2":{"start":{"line":23,"column":17},"end":{"line":23,"column":null}},"3":{"start":{"line":23,"column":38},"end":{"line":23,"column":56}},"4":{"start":{"line":24,"column":2},"end":{"line":24,"column":null}},"5":{"start":{"line":24,"column":27},"end":{"line":24,"column":null}},"6":{"start":{"line":26,"column":12},"end":{"line":26,"column":null}},"7":{"start":{"line":27,"column":12},"end":{"line":27,"column":null}},"8":{"start":{"line":29,"column":2},"end":{"line":36,"column":null}},"9":{"start":{"line":30,"column":4},"end":{"line":30,"column":null}},"10":{"start":{"line":31,"column":4},"end":{"line":31,"column":null}},"11":{"start":{"line":33,"column":16},"end":{"line":33,"column":null}},"12":{"start":{"line":34,"column":4},"end":{"line":34,"column":null}},"13":{"start":{"line":35,"column":4},"end":{"line":35,"column":null}},"14":{"start":{"line":38,"column":2},"end":{"line":41,"column":null}},"15":{"start":{"line":39,"column":4},"end":{"line":39,"column":null}},"16":{"start":{"line":40,"column":4},"end":{"line":40,"column":null}},"17":{"start":{"line":42,"column":2},"end":{"line":45,"column":null}},"18":{"start":{"line":43,"column":4},"end":{"line":43,"column":null}},"19":{"start":{"line":44,"column":4},"end":{"line":44,"column":null}},"20":{"start":{"line":47,"column":2},"end":{"line":54,"column":null}},"21":{"start":{"line":48,"column":4},"end":{"line":52,"column":null}},"22":{"start":{"line":49,"column":21},"end":{"line":49,"column":null}},"23":{"start":{"line":50,"column":19},"end":{"line":50,"column":null}},"24":{"start":{"line":51,"column":6},"end":{"line":51,"column":null}},"25":{"start":{"line":53,"column":4},"end":{"line":53,"column":null}},"26":{"start":{"line":56,"column":2},"end":{"line":56,"column":null}}},"fnMap":{"0":{"name":"(anonymous_0)","decl":{"start":{"line":10,"column":37},"end":{"line":10,"column":null}},"loc":{"start":{"line":13,"column":23},"end":{"line":57,"column":null}},"line":13},"1":{"name":"(anonymous_1)","decl":{"start":{"line":23,"column":31},"end":{"line":23,"column":32}},"loc":{"start":{"line":23,"column":38},"end":{"line":23,"column":56}},"line":23}},"branchMap":{"0":{"loc":{"start":{"line":12,"column":2},"end":{"line":12,"column":null}},"type":"default-arg","locations":[{"start":{"line":12,"column":35},"end":{"line":12,"column":null}}],"line":12},"1":{"loc":{"start":{"line":15,"column":4},"end":{"line":15,"column":null}},"type":"default-arg","locations":[{"start":{"line":15,"column":20},"end":{"line":15,"column":null}}],"line":15},"2":{"loc":{"start":{"line":18,"column":4},"end":{"line":18,"column":null}},"type":"default-arg","locations":[{"start":{"line":18,"column":14},"end":{"line":18,"column":null}}],"line":18},"3":{"loc":{"start":{"line":19,"column":4},"end":{"line":19,"column":null}},"type":"default-arg","locations":[{"start":{"line":19,"column":15},"end":{"line":19,"column":null}}],"line":19},"4":{"loc":{"start":{"line":20,"column":4},"end":{"line":20,"column":null}},"type":"default-arg","locations":[{"start":{"line":20,"column":13},"end":{"line":20,"column":null}}],"line":20},"5":{"loc":{"start":{"line":24,"column":2},"end":{"line":24,"column":null}},"type":"if","locations":[{"start":{"line":24,"column":2},"end":{"line":24,"column":null}},{"start":{},"end":{}}],"line":24},"6":{"loc":{"start":{"line":29,"column":2},"end":{"line":36,"column":null}},"type":"if","locations":[{"start":{"line":29,"column":2},"end":{"line":36,"column":null}},{"start":{"line":32,"column":9},"end":{"line":36,"column":null}}],"line":29},"7":{"loc":{"start":{"line":38,"column":2},"end":{"line":41,"column":null}},"type":"if","locations":[{"start":{"line":38,"column":2},"end":{"line":41,"column":null}},{"start":{},"end":{}}],"line":38},"8":{"loc":{"start":{"line":42,"column":2},"end":{"line":45,"column":null}},"type":"if","locations":[{"start":{"line":42,"column":2},"end":{"line":45,"column":null}},{"start":{},"end":{}}],"line":42},"9":{"loc":{"start":{"line":47,"column":2},"end":{"line":54,"column":null}},"type":"if","locations":[{"start":{"line":47,"column":2},"end":{"line":54,"column":null}},{"start":{},"end":{}}],"line":47},"10":{"loc":{"start":{"line":48,"column":4},"end":{"line":52,"column":null}},"type":"if","locations":[{"start":{"line":48,"column":4},"end":{"line":52,"column":null}},{"start":{},"end":{}}],"line":48},"11":{"loc":{"start":{"line":48,"column":8},"end":{"line":48,"column":58}},"type":"binary-expr","locations":[{"start":{"line":48,"column":8},"end":{"line":48,"column":34}},{"start":{"line":48,"column":34},"end":{"line":48,"column":58}}],"line":48}},"s":{"0":1,"1":3,"2":3,"3":5,"4":3,"5":1,"6":2,"7":2,"8":2,"9":1,"10":1,"11":1,"12":1,"13":1,"14":2,"15":1,"16":1,"17":2,"18":1,"19":1,"20":2,"21":0,"22":0,"23":0,"24":0,"25":0,"26":2},"f":{"0":3,"1":5},"b":{"0":[3],"1":[3],"2":[3],"3":[3],"4":[3],"5":[1,2],"6":[1,1],"7":[1,1],"8":[1,1],"9":[0,2],"10":[0,0],"11":[0,0]},"meta":{"lastBranch":12,"lastFunction":2,"lastStatement":27,"seen":{"s:10:37:57:Infinity":0,"f:10:37:10:Infinity":0,"b:12:35:12:Infinity":0,"s:21:6:21:Infinity":1,"b:15:20:15:Infinity":1,"b:18:14:18:Infinity":2,"b:19:15:19:Infinity":3,"b:20:13:20:Infinity":4,"s:23:17:23:Infinity":2,"f:23:31:23:32":1,"s:23:38:23:56":3,"b:24:2:24:Infinity:undefined:undefined:undefined:undefined":5,"s:24:2:24:Infinity":4,"s:24:27:24:Infinity":5,"s:26:12:26:Infinity":6,"s:27:12:27:Infinity":7,"b:29:2:36:Infinity:32:9:36:Infinity":6,"s:29:2:36:Infinity":8,"s:30:4:30:Infinity":9,"s:31:4:31:Infinity":10,"s:33:16:33:Infinity":11,"s:34:4:34:Infinity":12,"s:35:4:35:Infinity":13,"b:38:2:41:Infinity:undefined:undefined:undefined:undefined":7,"s:38:2:41:Infinity":14,"s:39:4:39:Infinity":15,"s:40:4:40:Infinity":16,"b:42:2:45:Infinity:undefined:undefined:undefined:undefined":8,"s:42:2:45:Infinity":17,"s:43:4:43:Infinity":18,"s:44:4:44:Infinity":19,"b:47:2:54:Infinity:undefined:undefined:undefined:undefined":9,"s:47:2:54:Infinity":20,"b:48:4:52:Infinity:undefined:undefined:undefined:undefined":10,"s:48:4:52:Infinity":21,"b:48:8:48:34:48:34:48:58":11,"s:49:21:49:Infinity":22,"s:50:19:50:Infinity":23,"s:51:6:51:Infinity":24,"s:53:4:53:Infinity":25,"s:56:2:56:Infinity":26}}}
,"/Users/akiftaseen/Documents/fyp/Quantum-computing-circuit/src/logic/circuitAnalysis.ts": {"path":"/Users/akiftaseen/Documents/fyp/Quantum-computing-circuit/src/logic/circuitAnalysis.ts","statementMap":{"0":{"start":{"line":18,"column":30},"end":{"line":52,"column":null}},"1":{"start":{"line":19,"column":44},"end":{"line":19,"column":null}},"2":{"start":{"line":20,"column":22},"end":{"line":20,"column":null}},"3":{"start":{"line":21,"column":21},"end":{"line":21,"column":null}},"4":{"start":{"line":24,"column":26},"end":{"line":24,"column":null}},"5":{"start":{"line":26,"column":2},"end":{"line":38,"column":null}},"6":{"start":{"line":27,"column":4},"end":{"line":27,"column":null}},"7":{"start":{"line":27,"column":54},"end":{"line":27,"column":null}},"8":{"start":{"line":29,"column":4},"end":{"line":29,"column":null}},"9":{"start":{"line":31,"column":4},"end":{"line":33,"column":null}},"10":{"start":{"line":32,"column":6},"end":{"line":32,"column":null}},"11":{"start":{"line":35,"column":25},"end":{"line":35,"column":null}},"12":{"start":{"line":36,"column":4},"end":{"line":36,"column":null}},"13":{"start":{"line":37,"column":4},"end":{"line":37,"column":null}},"14":{"start":{"line":40,"column":21},"end":{"line":40,"column":null}},"15":{"start":{"line":40,"column":47},"end":{"line":40,"column":67}},"16":{"start":{"line":41,"column":27},"end":{"line":41,"column":null}},"17":{"start":{"line":41,"column":56},"end":{"line":41,"column":85}},"18":{"start":{"line":42,"column":28},"end":{"line":42,"column":null}},"19":{"start":{"line":43,"column":26},"end":{"line":43,"column":null}},"20":{"start":{"line":45,"column":2},"end":{"line":51,"column":null}},"21":{"start":{"line":57,"column":33},"end":{"line":176,"column":null}},"22":{"start":{"line":58,"column":32},"end":{"line":58,"column":null}},"23":{"start":{"line":59,"column":16},"end":{"line":61,"column":null}},"24":{"start":{"line":60,"column":4},"end":{"line":60,"column":null}},"25":{"start":{"line":60,"column":32},"end":{"line":60,"column":90}},"26":{"start":{"line":63,"column":18},"end":{"line":63,"column":null}},"27":{"start":{"line":63,"column":66},"end":{"line":63,"column":null}},"28":{"start":{"line":64,"column":19},"end":{"line":68,"column":null}},"29":{"start":{"line":65,"column":15},"end":{"line":65,"column":null}},"30":{"start":{"line":66,"column":15},"end":{"line":66,"column":null}},"31":{"start":{"line":67,"column":4},"end":{"line":67,"column":null}},"32":{"start":{"line":67,"column":26},"end":{"line":67,"column":40}},"33":{"start":{"line":71,"column":2},"end":{"line":107,"column":null}},"34":{"start":{"line":71,"column":17},"end":{"line":71,"column":20}},"35":{"start":{"line":72,"column":25},"end":{"line":72,"column":null}},"36":{"start":{"line":73,"column":22},"end":{"line":73,"column":null}},"37":{"start":{"line":75,"column":4},"end":{"line":106,"column":null}},"38":{"start":{"line":76,"column":6},"end":{"line":81,"column":null}},"39":{"start":{"line":77,"column":21},"end":{"line":77,"column":null}},"40":{"start":{"line":77,"column":42},"end":{"line":77,"column":96}},"41":{"start":{"line":78,"column":8},"end":{"line":80,"column":null}},"42":{"start":{"line":79,"column":10},"end":{"line":79,"column":null}},"43":{"start":{"line":83,"column":6},"end":{"line":88,"column":null}},"44":{"start":{"line":84,"column":24},"end":{"line":84,"column":null}},"45":{"start":{"line":84,"column":47},"end":{"line":84,"column":101}},"46":{"start":{"line":85,"column":8},"end":{"line":87,"column":null}},"47":{"start":{"line":86,"column":10},"end":{"line":86,"column":null}},"48":{"start":{"line":90,"column":6},"end":{"line":93,"column":null}},"49":{"start":{"line":91,"column":20},"end":{"line":91,"column":null}},"50":{"start":{"line":91,"column":43},"end":{"line":91,"column":95}},"51":{"start":{"line":92,"column":8},"end":{"line":92,"column":null}},"52":{"start":{"line":92,"column":17},"end":{"line":92,"column":null}},"53":{"start":{"line":95,"column":6},"end":{"line":98,"column":null}},"54":{"start":{"line":96,"column":20},"end":{"line":96,"column":null}},"55":{"start":{"line":96,"column":43},"end":{"line":96,"column":95}},"56":{"start":{"line":97,"column":8},"end":{"line":97,"column":null}},"57":{"start":{"line":97,"column":17},"end":{"line":97,"column":null}},"58":{"start":{"line":100,"column":6},"end":{"line":105,"column":null}},"59":{"start":{"line":101,"column":20},"end":{"line":103,"column":null}},"60":{"start":{"line":102,"column":18},"end":{"line":102,"column":null}},"61":{"start":{"line":104,"column":8},"end":{"line":104,"column":null}},"62":{"start":{"line":104,"column":17},"end":{"line":104,"column":null}},"63":{"start":{"line":110,"column":2},"end":{"line":114,"column":null}},"64":{"start":{"line":111,"column":4},"end":{"line":113,"column":null}},"65":{"start":{"line":112,"column":6},"end":{"line":112,"column":null}},"66":{"start":{"line":117,"column":2},"end":{"line":121,"column":null}},"67":{"start":{"line":118,"column":4},"end":{"line":120,"column":null}},"68":{"start":{"line":119,"column":6},"end":{"line":119,"column":null}},"69":{"start":{"line":124,"column":2},"end":{"line":135,"column":null}},"70":{"start":{"line":124,"column":17},"end":{"line":124,"column":20}},"71":{"start":{"line":125,"column":21},"end":{"line":125,"column":null}},"72":{"start":{"line":125,"column":44},"end":{"line":125,"column":58}},"73":{"start":{"line":126,"column":18},"end":{"line":126,"column":null}},"74":{"start":{"line":126,"column":45},"end":{"line":126,"column":59}},"75":{"start":{"line":128,"column":4},"end":{"line":134,"column":null}},"76":{"start":{"line":129,"column":6},"end":{"line":133,"column":null}},"77":{"start":{"line":130,"column":8},"end":{"line":132,"column":null}},"78":{"start":{"line":131,"column":10},"end":{"line":131,"column":null}},"79":{"start":{"line":138,"column":2},"end":{"line":147,"column":null}},"80":{"start":{"line":138,"column":17},"end":{"line":138,"column":20}},"81":{"start":{"line":139,"column":20},"end":{"line":139,"column":null}},"82":{"start":{"line":140,"column":17},"end":{"line":140,"column":null}},"83":{"start":{"line":141,"column":4},"end":{"line":141,"column":null}},"84":{"start":{"line":141,"column":51},"end":{"line":141,"column":null}},"85":{"start":{"line":142,"column":15},"end":{"line":142,"column":null}},"86":{"start":{"line":143,"column":15},"end":{"line":143,"column":null}},"87":{"start":{"line":144,"column":4},"end":{"line":146,"column":null}},"88":{"start":{"line":145,"column":6},"end":{"line":145,"column":null}},"89":{"start":{"line":150,"column":2},"end":{"line":160,"column":null}},"90":{"start":{"line":151,"column":4},"end":{"line":153,"column":null}},"91":{"start":{"line":152,"column":6},"end":{"line":152,"column":null}},"92":{"start":{"line":154,"column":4},"end":{"line":156,"column":null}},"93":{"start":{"line":155,"column":6},"end":{"line":155,"column":null}},"94":{"start":{"line":157,"column":4},"end":{"line":159,"column":null}},"95":{"start":{"line":158,"column":6},"end":{"line":158,"column":null}},"96":{"start":{"line":163,"column":2},"end":{"line":173,"column":null}},"97":{"start":{"line":163,"column":17},"end":{"line":163,"column":20}},"98":{"start":{"line":164,"column":15},"end":{"line":164,"column":null}},"99":{"start":{"line":164,"column":38},"end":{"line":164,"column":55}},"100":{"start":{"line":165,"column":15},"end":{"line":165,"column":null}},"101":{"start":{"line":165,"column":42},"end":{"line":165,"column":59}},"102":{"start":{"line":166,"column":4},"end":{"line":166,"column":null}},"103":{"start":{"line":166,"column":20},"end":{"line":166,"column":null}},"104":{"start":{"line":167,"column":14},"end":{"line":167,"column":null}},"105":{"start":{"line":168,"column":14},"end":{"line":168,"column":null}},"106":{"start":{"line":169,"column":25},"end":{"line":169,"column":null}},"107":{"start":{"line":169,"column":53},"end":{"line":169,"column":61}},"108":{"start":{"line":170,"column":4},"end":{"line":172,"column":null}},"109":{"start":{"line":171,"column":6},"end":{"line":171,"column":null}},"110":{"start":{"line":175,"column":2},"end":{"line":175,"column":null}},"111":{"start":{"line":181,"column":32},"end":{"line":191,"column":null}},"112":{"start":{"line":182,"column":42},"end":{"line":189,"column":null}},"113":{"start":{"line":190,"column":2},"end":{"line":190,"column":null}},"114":{"start":{"line":196,"column":36},"end":{"line":198,"column":null}},"115":{"start":{"line":197,"column":2},"end":{"line":197,"column":null}},"116":{"start":{"line":197,"column":45},"end":{"line":197,"column":80}}},"fnMap":{"0":{"name":"(anonymous_0)","decl":{"start":{"line":18,"column":30},"end":{"line":18,"column":31}},"loc":{"start":{"line":18,"column":73},"end":{"line":52,"column":null}},"line":18},"1":{"name":"(anonymous_1)","decl":{"start":{"line":26,"column":24},"end":{"line":26,"column":32}},"loc":{"start":{"line":26,"column":32},"end":{"line":38,"column":3}},"line":26},"2":{"name":"(anonymous_2)","decl":{"start":{"line":40,"column":42},"end":{"line":40,"column":47}},"loc":{"start":{"line":40,"column":47},"end":{"line":40,"column":67}},"line":40},"3":{"name":"(anonymous_3)","decl":{"start":{"line":41,"column":49},"end":{"line":41,"column":50}},"loc":{"start":{"line":41,"column":56},"end":{"line":41,"column":85}},"line":41},"4":{"name":"(anonymous_4)","decl":{"start":{"line":57,"column":33},"end":{"line":57,"column":34}},"loc":{"start":{"line":57,"column":70},"end":{"line":176,"column":null}},"line":57},"5":{"name":"(anonymous_5)","decl":{"start":{"line":59,"column":59},"end":{"line":59,"column":60}},"loc":{"start":{"line":60,"column":4},"end":{"line":60,"column":null}},"line":60},"6":{"name":"(anonymous_6)","decl":{"start":{"line":60,"column":25},"end":{"line":60,"column":26}},"loc":{"start":{"line":60,"column":32},"end":{"line":60,"column":90}},"line":60},"7":{"name":"(anonymous_7)","decl":{"start":{"line":63,"column":18},"end":{"line":63,"column":19}},"loc":{"start":{"line":63,"column":66},"end":{"line":63,"column":null}},"line":63},"8":{"name":"(anonymous_8)","decl":{"start":{"line":64,"column":19},"end":{"line":64,"column":20}},"loc":{"start":{"line":64,"column":100},"end":{"line":68,"column":null}},"line":64},"9":{"name":"(anonymous_9)","decl":{"start":{"line":67,"column":19},"end":{"line":67,"column":20}},"loc":{"start":{"line":67,"column":26},"end":{"line":67,"column":40}},"line":67},"10":{"name":"(anonymous_10)","decl":{"start":{"line":75,"column":25},"end":{"line":75,"column":31}},"loc":{"start":{"line":75,"column":31},"end":{"line":106,"column":5}},"line":75},"11":{"name":"(anonymous_11)","decl":{"start":{"line":77,"column":36},"end":{"line":77,"column":42}},"loc":{"start":{"line":77,"column":42},"end":{"line":77,"column":96}},"line":77},"12":{"name":"(anonymous_12)","decl":{"start":{"line":84,"column":39},"end":{"line":84,"column":40}},"loc":{"start":{"line":84,"column":47},"end":{"line":84,"column":101}},"line":84},"13":{"name":"(anonymous_13)","decl":{"start":{"line":91,"column":35},"end":{"line":91,"column":36}},"loc":{"start":{"line":91,"column":43},"end":{"line":91,"column":95}},"line":91},"14":{"name":"(anonymous_14)","decl":{"start":{"line":96,"column":35},"end":{"line":96,"column":36}},"loc":{"start":{"line":96,"column":43},"end":{"line":96,"column":95}},"line":96},"15":{"name":"(anonymous_15)","decl":{"start":{"line":102,"column":10},"end":{"line":102,"column":11}},"loc":{"start":{"line":102,"column":18},"end":{"line":102,"column":null}},"line":102},"16":{"name":"(anonymous_16)","decl":{"start":{"line":110,"column":24},"end":{"line":110,"column":29}},"loc":{"start":{"line":110,"column":29},"end":{"line":114,"column":3}},"line":110},"17":{"name":"(anonymous_17)","decl":{"start":{"line":117,"column":24},"end":{"line":117,"column":29}},"loc":{"start":{"line":117,"column":29},"end":{"line":121,"column":3}},"line":117},"18":{"name":"(anonymous_18)","decl":{"start":{"line":125,"column":39},"end":{"line":125,"column":44}},"loc":{"start":{"line":125,"column":44},"end":{"line":125,"column":58}},"line":125},"19":{"name":"(anonymous_19)","decl":{"start":{"line":126,"column":40},"end":{"line":126,"column":45}},"loc":{"start":{"line":126,"column":45},"end":{"line":126,"column":59}},"line":126},"20":{"name":"(anonymous_20)","decl":{"start":{"line":128,"column":21},"end":{"line":128,"column":27}},"loc":{"start":{"line":128,"column":27},"end":{"line":134,"column":5}},"line":128},"21":{"name":"(anonymous_21)","decl":{"start":{"line":129,"column":20},"end":{"line":129,"column":26}},"loc":{"start":{"line":129,"column":26},"end":{"line":133,"column":7}},"line":129},"22":{"name":"(anonymous_22)","decl":{"start":{"line":150,"column":24},"end":{"line":150,"column":25}},"loc":{"start":{"line":150,"column":31},"end":{"line":160,"column":3}},"line":150},"23":{"name":"(anonymous_23)","decl":{"start":{"line":164,"column":31},"end":{"line":164,"column":32}},"loc":{"start":{"line":164,"column":38},"end":{"line":164,"column":55}},"line":164},"24":{"name":"(anonymous_24)","decl":{"start":{"line":165,"column":35},"end":{"line":165,"column":36}},"loc":{"start":{"line":165,"column":42},"end":{"line":165,"column":59}},"line":165},"25":{"name":"(anonymous_25)","decl":{"start":{"line":169,"column":46},"end":{"line":169,"column":47}},"loc":{"start":{"line":169,"column":53},"end":{"line":169,"column":61}},"line":169},"26":{"name":"(anonymous_26)","decl":{"start":{"line":181,"column":32},"end":{"line":181,"column":33}},"loc":{"start":{"line":181,"column":60},"end":{"line":191,"column":null}},"line":181},"27":{"name":"(anonymous_27)","decl":{"start":{"line":196,"column":36},"end":{"line":196,"column":37}},"loc":{"start":{"line":196,"column":71},"end":{"line":198,"column":null}},"line":196},"28":{"name":"(anonymous_28)","decl":{"start":{"line":197,"column":30},"end":{"line":197,"column":31}},"loc":{"start":{"line":197,"column":45},"end":{"line":197,"column":80}},"line":197}},"branchMap":{"0":{"loc":{"start":{"line":27,"column":4},"end":{"line":27,"column":null}},"type":"if","locations":[{"start":{"line":27,"column":4},"end":{"line":27,"column":null}},{"start":{},"end":{}}],"line":27},"1":{"loc":{"start":{"line":27,"column":8},"end":{"line":27,"column":54}},"type":"binary-expr","locations":[{"start":{"line":27,"column":8},"end":{"line":27,"column":35}},{"start":{"line":27,"column":35},"end":{"line":27,"column":54}}],"line":27},"2":{"loc":{"start":{"line":29,"column":28},"end":{"line":29,"column":57}},"type":"binary-expr","locations":[{"start":{"line":29,"column":28},"end":{"line":29,"column":52}},{"start":{"line":29,"column":52},"end":{"line":29,"column":57}}],"line":29},"3":{"loc":{"start":{"line":31,"column":4},"end":{"line":33,"column":null}},"type":"if","locations":[{"start":{"line":31,"column":4},"end":{"line":33,"column":null}},{"start":{},"end":{}}],"line":31},"4":{"loc":{"start":{"line":35,"column":25},"end":{"line":35,"column":null}},"type":"binary-expr","locations":[{"start":{"line":35,"column":25},"end":{"line":35,"column":61}},{"start":{"line":35,"column":61},"end":{"line":35,"column":null}}],"line":35},"5":{"loc":{"start":{"line":42,"column":28},"end":{"line":42,"column":null}},"type":"cond-expr","locations":[{"start":{"line":42,"column":58},"end":{"line":42,"column":90}},{"start":{"line":42,"column":90},"end":{"line":42,"column":null}}],"line":42},"6":{"loc":{"start":{"line":60,"column":32},"end":{"line":60,"column":90}},"type":"binary-expr","locations":[{"start":{"line":60,"column":32},"end":{"line":60,"column":52}},{"start":{"line":60,"column":52},"end":{"line":60,"column":76}},{"start":{"line":60,"column":76},"end":{"line":60,"column":90}}],"line":60},"7":{"loc":{"start":{"line":76,"column":6},"end":{"line":81,"column":null}},"type":"if","locations":[{"start":{"line":76,"column":6},"end":{"line":81,"column":null}},{"start":{},"end":{}}],"line":76},"8":{"loc":{"start":{"line":77,"column":42},"end":{"line":77,"column":96}},"type":"binary-expr","locations":[{"start":{"line":77,"column":42},"end":{"line":77,"column":65}},{"start":{"line":77,"column":65},"end":{"line":77,"column":96}}],"line":77},"9":{"loc":{"start":{"line":78,"column":8},"end":{"line":80,"column":null}},"type":"if","locations":[{"start":{"line":78,"column":8},"end":{"line":80,"column":null}},{"start":{},"end":{}}],"line":78},"10":{"loc":{"start":{"line":83,"column":6},"end":{"line":88,"column":null}},"type":"if","locations":[{"start":{"line":83,"column":6},"end":{"line":88,"column":null}},{"start":{},"end":{}}],"line":83},"11":{"loc":{"start":{"line":84,"column":47},"end":{"line":84,"column":101}},"type":"binary-expr","locations":[{"start":{"line":84,"column":47},"end":{"line":84,"column":70}},{"start":{"line":84,"column":70},"end":{"line":84,"column":101}}],"line":84},"12":{"loc":{"start":{"line":85,"column":8},"end":{"line":87,"column":null}},"type":"if","locations":[{"start":{"line":85,"column":8},"end":{"line":87,"column":null}},{"start":{},"end":{}}],"line":85},"13":{"loc":{"start":{"line":90,"column":6},"end":{"line":93,"column":null}},"type":"if","locations":[{"start":{"line":90,"column":6},"end":{"line":93,"column":null}},{"start":{},"end":{}}],"line":90},"14":{"loc":{"start":{"line":91,"column":43},"end":{"line":91,"column":95}},"type":"binary-expr","locations":[{"start":{"line":91,"column":43},"end":{"line":91,"column":64}},{"start":{"line":91,"column":64},"end":{"line":91,"column":95}}],"line":91},"15":{"loc":{"start":{"line":92,"column":8},"end":{"line":92,"column":null}},"type":"if","locations":[{"start":{"line":92,"column":8},"end":{"line":92,"column":null}},{"start":{},"end":{}}],"line":92},"16":{"loc":{"start":{"line":95,"column":6},"end":{"line":98,"column":null}},"type":"if","locations":[{"start":{"line":95,"column":6},"end":{"line":98,"column":null}},{"start":{},"end":{}}],"line":95},"17":{"loc":{"start":{"line":96,"column":43},"end":{"line":96,"column":95}},"type":"binary-expr","locations":[{"start":{"line":96,"column":43},"end":{"line":96,"column":64}},{"start":{"line":96,"column":64},"end":{"line":96,"column":95}}],"line":96},"18":{"loc":{"start":{"line":97,"column":8},"end":{"line":97,"column":null}},"type":"if","locations":[{"start":{"line":97,"column":8},"end":{"line":97,"column":null}},{"start":{},"end":{}}],"line":97},"19":{"loc":{"start":{"line":100,"column":6},"end":{"line":105,"column":null}},"type":"if","locations":[{"start":{"line":100,"column":6},"end":{"line":105,"column":null}},{"start":{},"end":{}}],"line":100},"20":{"loc":{"start":{"line":102,"column":18},"end":{"line":102,"column":null}},"type":"binary-expr","locations":[{"start":{"line":102,"column":18},"end":{"line":102,"column":40}},{"start":{"line":102,"column":40},"end":{"line":102,"column":75}},{"start":{"line":102,"column":75},"end":{"line":102,"column":null}}],"line":102},"21":{"loc":{"start":{"line":104,"column":8},"end":{"line":104,"column":null}},"type":"if","locations":[{"start":{"line":104,"column":8},"end":{"line":104,"column":null}},{"start":{},"end":{}}],"line":104},"22":{"loc":{"start":{"line":111,"column":4},"end":{"line":113,"column":null}},"type":"if","locations":[{"start":{"line":111,"column":4},"end":{"line":113,"column":null}},{"start":{},"end":{}}],"line":111},"23":{"loc":{"start":{"line":111,"column":8},"end":{"line":111,"column":83}},"type":"binary-expr","locations":[{"start":{"line":111,"column":8},"end":{"line":111,"column":47}},{"start":{"line":111,"column":47},"end":{"line":111,"column":83}}],"line":111},"24":{"loc":{"start":{"line":111,"column":56},"end":{"line":111,"column":72}},"type":"binary-expr","locations":[{"start":{"line":111,"column":56},"end":{"line":111,"column":71}},{"start":{"line":111,"column":71},"end":{"line":111,"column":72}}],"line":111},"25":{"loc":{"start":{"line":118,"column":4},"end":{"line":120,"column":null}},"type":"if","locations":[{"start":{"line":118,"column":4},"end":{"line":120,"column":null}},{"start":{},"end":{}}],"line":118},"26":{"loc":{"start":{"line":118,"column":8},"end":{"line":118,"column":83}},"type":"binary-expr","locations":[{"start":{"line":118,"column":8},"end":{"line":118,"column":47}},{"start":{"line":118,"column":47},"end":{"line":118,"column":83}}],"line":118},"27":{"loc":{"start":{"line":118,"column":56},"end":{"line":118,"column":72}},"type":"binary-expr","locations":[{"start":{"line":118,"column":56},"end":{"line":118,"column":71}},{"start":{"line":118,"column":71},"end":{"line":118,"column":72}}],"line":118},"28":{"loc":{"start":{"line":130,"column":8},"end":{"line":132,"column":null}},"type":"if","locations":[{"start":{"line":130,"column":8},"end":{"line":132,"column":null}},{"start":{},"end":{}}],"line":130},"29":{"loc":{"start":{"line":141,"column":4},"end":{"line":141,"column":null}},"type":"if","locations":[{"start":{"line":141,"column":4},"end":{"line":141,"column":null}},{"start":{},"end":{}}],"line":141},"30":{"loc":{"start":{"line":141,"column":8},"end":{"line":141,"column":51}},"type":"binary-expr","locations":[{"start":{"line":141,"column":8},"end":{"line":141,"column":32}},{"start":{"line":141,"column":32},"end":{"line":141,"column":51}}],"line":141},"31":{"loc":{"start":{"line":144,"column":4},"end":{"line":146,"column":null}},"type":"if","locations":[{"start":{"line":144,"column":4},"end":{"line":146,"column":null}},{"start":{},"end":{}}],"line":144},"32":{"loc":{"start":{"line":151,"column":4},"end":{"line":153,"column":null}},"type":"if","locations":[{"start":{"line":151,"column":4},"end":{"line":153,"column":null}},{"start":{},"end":{}}],"line":151},"33":{"loc":{"start":{"line":154,"column":4},"end":{"line":156,"column":null}},"type":"if","locations":[{"start":{"line":154,"column":4},"end":{"line":156,"column":null}},{"start":{},"end":{}}],"line":154},"34":{"loc":{"start":{"line":157,"column":4},"end":{"line":159,"column":null}},"type":"if","locations":[{"start":{"line":157,"column":4},"end":{"line":159,"column":null}},{"start":{},"end":{}}],"line":157},"35":{"loc":{"start":{"line":166,"column":4},"end":{"line":166,"column":null}},"type":"if","locations":[{"start":{"line":166,"column":4},"end":{"line":166,"column":null}},{"start":{},"end":{}}],"line":166},"36":{"loc":{"start":{"line":166,"column":8},"end":{"line":166,"column":20}},"type":"binary-expr","locations":[{"start":{"line":166,"column":8},"end":{"line":166,"column":15}},{"start":{"line":166,"column":15},"end":{"line":166,"column":20}}],"line":166},"37":{"loc":{"start":{"line":170,"column":4},"end":{"line":172,"column":null}},"type":"if","locations":[{"start":{"line":170,"column":4},"end":{"line":172,"column":null}},{"start":{},"end":{}}],"line":170},"38":{"loc":{"start":{"line":190,"column":9},"end":{"line":190,"column":null}},"type":"binary-expr","locations":[{"start":{"line":190,"column":9},"end":{"line":190,"column":24}},{"start":{"line":190,"column":24},"end":{"line":190,"column":null}}],"line":190}},"s":{"0":1,"1":1,"2":1,"3":1,"4":1,"5":1,"6":4,"7":1,"8":3,"9":4,"10":1,"11":3,"12":4,"13":4,"14":1,"15":4,"16":1,"17":4,"18":1,"19":1,"20":1,"21":1,"22":1,"23":1,"24":5,"25":20,"26":1,"27":4,"28":1,"29":2,"30":2,"31":2,"32":2,"33":1,"34":1,"35":4,"36":4,"37":4,"38":3,"39":2,"40":2,"41":2,"42":1,"43":3,"44":2,"45":2,"46":2,"47":1,"48":3,"49":0,"50":0,"51":0,"52":0,"53":3,"54":0,"55":0,"56":0,"57":0,"58":3,"59":1,"60":0,"61":1,"62":0,"63":4,"64":4,"65":0,"66":4,"67":4,"68":0,"69":4,"70":4,"71":4,"72":3,"73":4,"74":2,"75":4,"76":2,"77":1,"78":1,"79":4,"80":4,"81":4,"82":4,"83":4,"84":2,"85":2,"86":2,"87":2,"88":0,"89":1,"90":4,"91":0,"92":4,"93":0,"94":4,"95":0,"96":1,"97":1,"98":4,"99":3,"100":4,"101":2,"102":4,"103":4,"104":0,"105":0,"106":0,"107":0,"108":0,"109":0,"110":4,"111":1,"112":6,"113":6,"114":1,"115":1,"116":4},"f":{"0":1,"1":4,"2":4,"3":4,"4":1,"5":5,"6":20,"7":4,"8":2,"9":2,"10":3,"11":2,"12":2,"13":0,"14":0,"15":0,"16":4,"17":4,"18":3,"19":2,"20":2,"21":1,"22":4,"23":3,"24":2,"25":0,"26":6,"27":1,"28":4},"b":{"0":[1,3],"1":[4,4],"2":[3,2],"3":[1,3],"4":[3,3],"5":[1,0],"6":[20,4,4],"7":[2,1],"8":[2,1],"9":[1,1],"10":[2,1],"11":[2,1],"12":[1,1],"13":[0,3],"14":[0,0],"15":[0,0],"16":[0,3],"17":[0,0],"18":[0,0],"19":[1,2],"20":[0,0,0],"21":[0,1],"22":[0,4],"23":[4,0],"24":[0,0],"25":[0,4],"26":[4,0],"27":[0,0],"28":[1,0],"29":[2,2],"30":[4,3],"31":[0,2],"32":[0,4],"33":[0,4],"34":[0,4],"35":[4,0],"36":[4,0],"37":[0,0],"38":[6,0]},"meta":{"lastBranch":39,"lastFunction":29,"lastStatement":117,"seen":{"s:18:30:52:Infinity":0,"f:18:30:18:31":0,"s:19:44:19:Infinity":1,"s:20:22:20:Infinity":2,"s:21:21:21:Infinity":3,"s:24:26:24:Infinity":4,"s:26:2:38:Infinity":5,"f:26:24:26:32":1,"b:27:4:27:Infinity:undefined:undefined:undefined:undefined":0,"s:27:4:27:Infinity":6,"b:27:8:27:35:27:35:27:54":1,"s:27:54:27:Infinity":7,"s:29:4:29:Infinity":8,"b:29:28:29:52:29:52:29:57":2,"b:31:4:33:Infinity:undefined:undefined:undefined:undefined":3,"s:31:4:33:Infinity":9,"s:32:6:32:Infinity":10,"s:35:25:35:Infinity":11,"b:35:25:35:61:35:61:35:Infinity":4,"s:36:4:36:Infinity":12,"s:37:4:37:Infinity":13,"s:40:21:40:Infinity":14,"f:40:42:40:47":2,"s:40:47:40:67":15,"s:41:27:41:Infinity":16,"f:41:49:41:50":3,"s:41:56:41:85":17,"s:42:28:42:Infinity":18,"b:42:58:42:90:42:90:42:Infinity":5,"s:43:26:43:Infinity":19,"s:45:2:51:Infinity":20,"s:57:33:176:Infinity":21,"f:57:33:57:34":4,"s:58:32:58:Infinity":22,"s:59:16:61:Infinity":23,"f:59:59:59:60":5,"s:60:4:60:Infinity":24,"f:60:25:60:26":6,"s:60:32:60:90":25,"b:60:32:60:52:60:52:60:76:60:76:60:90":6,"s:63:18:63:Infinity":26,"f:63:18:63:19":7,"s:63:66:63:Infinity":27,"s:64:19:68:Infinity":28,"f:64:19:64:20":8,"s:65:15:65:Infinity":29,"s:66:15:66:Infinity":30,"s:67:4:67:Infinity":31,"f:67:19:67:20":9,"s:67:26:67:40":32,"s:71:2:107:Infinity":33,"s:71:17:71:20":34,"s:72:25:72:Infinity":35,"s:73:22:73:Infinity":36,"s:75:4:106:Infinity":37,"f:75:25:75:31":10,"b:76:6:81:Infinity:undefined:undefined:undefined:undefined":7,"s:76:6:81:Infinity":38,"s:77:21:77:Infinity":39,"f:77:36:77:42":11,"s:77:42:77:96":40,"b:77:42:77:65:77:65:77:96":8,"b:78:8:80:Infinity:undefined:undefined:undefined:undefined":9,"s:78:8:80:Infinity":41,"s:79:10:79:Infinity":42,"b:83:6:88:Infinity:undefined:undefined:undefined:undefined":10,"s:83:6:88:Infinity":43,"s:84:24:84:Infinity":44,"f:84:39:84:40":12,"s:84:47:84:101":45,"b:84:47:84:70:84:70:84:101":11,"b:85:8:87:Infinity:undefined:undefined:undefined:undefined":12,"s:85:8:87:Infinity":46,"s:86:10:86:Infinity":47,"b:90:6:93:Infinity:undefined:undefined:undefined:undefined":13,"s:90:6:93:Infinity":48,"s:91:20:91:Infinity":49,"f:91:35:91:36":13,"s:91:43:91:95":50,"b:91:43:91:64:91:64:91:95":14,"b:92:8:92:Infinity:undefined:undefined:undefined:undefined":15,"s:92:8:92:Infinity":51,"s:92:17:92:Infinity":52,"b:95:6:98:Infinity:undefined:undefined:undefined:undefined":16,"s:95:6:98:Infinity":53,"s:96:20:96:Infinity":54,"f:96:35:96:36":14,"s:96:43:96:95":55,"b:96:43:96:64:96:64:96:95":17,"b:97:8:97:Infinity:undefined:undefined:undefined:undefined":18,"s:97:8:97:Infinity":56,"s:97:17:97:Infinity":57,"b:100:6:105:Infinity:undefined:undefined:undefined:undefined":19,"s:100:6:105:Infinity":58,"s:101:20:103:Infinity":59,"f:102:10:102:11":15,"s:102:18:102:Infinity":60,"b:102:18:102:40:102:40:102:75:102:75:102:Infinity":20,"b:104:8:104:Infinity:undefined:undefined:undefined:undefined":21,"s:104:8:104:Infinity":61,"s:104:17:104:Infinity":62,"s:110:2:114:Infinity":63,"f:110:24:110:29":16,"b:111:4:113:Infinity:undefined:undefined:undefined:undefined":22,"s:111:4:113:Infinity":64,"b:111:8:111:47:111:47:111:83":23,"b:111:56:111:71:111:71:111:72":24,"s:112:6:112:Infinity":65,"s:117:2:121:Infinity":66,"f:117:24:117:29":17,"b:118:4:120:Infinity:undefined:undefined:undefined:undefined":25,"s:118:4:120:Infinity":67,"b:118:8:118:47:118:47:118:83":26,"b:118:56:118:71:118:71:118:72":27,"s:119:6:119:Infinity":68,"s:124:2:135:Infinity":69,"s:124:17:124:20":70,"s:125:21:125:Infinity":71,"f:125:39:125:44":18,"s:125:44:125:58":72,"s:126:18:126:Infinity":73,"f:126:40:126:45":19,"s:126:45:126:59":74,"s:128:4:134:Infinity":75,"f:128:21:128:27":20,"s:129:6:133:Infinity":76,"f:129:20:129:26":21,"b:130:8:132:Infinity:undefined:undefined:undefined:undefined":28,"s:130:8:132:Infinity":77,"s:131:10:131:Infinity":78,"s:138:2:147:Infinity":79,"s:138:17:138:20":80,"s:139:20:139:Infinity":81,"s:140:17:140:Infinity":82,"b:141:4:141:Infinity:undefined:undefined:undefined:undefined":29,"s:141:4:141:Infinity":83,"b:141:8:141:32:141:32:141:51":30,"s:141:51:141:Infinity":84,"s:142:15:142:Infinity":85,"s:143:15:143:Infinity":86,"b:144:4:146:Infinity:undefined:undefined:undefined:undefined":31,"s:144:4:146:Infinity":87,"s:145:6:145:Infinity":88,"s:150:2:160:Infinity":89,"f:150:24:150:25":22,"b:151:4:153:Infinity:undefined:undefined:undefined:undefined":32,"s:151:4:153:Infinity":90,"s:152:6:152:Infinity":91,"b:154:4:156:Infinity:undefined:undefined:undefined:undefined":33,"s:154:4:156:Infinity":92,"s:155:6:155:Infinity":93,"b:157:4:159:Infinity:undefined:undefined:undefined:undefined":34,"s:157:4:159:Infinity":94,"s:158:6:158:Infinity":95,"s:163:2:173:Infinity":96,"s:163:17:163:20":97,"s:164:15:164:Infinity":98,"f:164:31:164:32":23,"s:164:38:164:55":99,"s:165:15:165:Infinity":100,"f:165:35:165:36":24,"s:165:42:165:59":101,"b:166:4:166:Infinity:undefined:undefined:undefined:undefined":35,"s:166:4:166:Infinity":102,"b:166:8:166:15:166:15:166:20":36,"s:166:20:166:Infinity":103,"s:167:14:167:Infinity":104,"s:168:14:168:Infinity":105,"s:169:25:169:Infinity":106,"f:169:46:169:47":25,"s:169:53:169:61":107,"b:170:4:172:Infinity:undefined:undefined:undefined:undefined":37,"s:170:4:172:Infinity":108,"s:171:6:171:Infinity":109,"s:175:2:175:Infinity":110,"s:181:32:191:Infinity":111,"f:181:32:181:33":26,"s:182:42:189:Infinity":112,"s:190:2:190:Infinity":113,"b:190:9:190:24:190:24:190:Infinity":38,"s:196:36:198:Infinity":114,"f:196:36:196:37":27,"s:197:2:197:Infinity":115,"f:197:30:197:31":28,"s:197:45:197:80":116}}}
,"/Users/akiftaseen/Documents/fyp/Quantum-computing-circuit/src/logic/circuitDiff.ts": {"path":"/Users/akiftaseen/Documents/fyp/Quantum-computing-circuit/src/logic/circuitDiff.ts","statementMap":{"0":{"start":{"line":18,"column":16},"end":{"line":21,"column":null}},"1":{"start":{"line":19,"column":2},"end":{"line":19,"column":null}},"2":{"start":{"line":19,"column":34},"end":{"line":19,"column":null}},"3":{"start":{"line":20,"column":2},"end":{"line":20,"column":null}},"4":{"start":{"line":20,"column":46},"end":{"line":20,"column":54}},"5":{"start":{"line":23,"column":17},"end":{"line":28,"column":null}},"6":{"start":{"line":24,"column":2},"end":{"line":24,"column":null}},"7":{"start":{"line":24,"column":10},"end":{"line":24,"column":null}},"8":{"start":{"line":25,"column":16},"end":{"line":25,"column":null}},"9":{"start":{"line":25,"column":42},"end":{"line":25,"column":49}},"10":{"start":{"line":25,"column":76},"end":{"line":25,"column":83}},"11":{"start":{"line":26,"column":17},"end":{"line":26,"column":null}},"12":{"start":{"line":26,"column":59},"end":{"line":26,"column":71}},"13":{"start":{"line":27,"column":2},"end":{"line":27,"column":null}},"14":{"start":{"line":30,"column":18},"end":{"line":31,"column":null}},"15":{"start":{"line":31,"column":2},"end":{"line":31,"column":null}},"16":{"start":{"line":31,"column":29},"end":{"line":31,"column":77}},"17":{"start":{"line":33,"column":28},"end":{"line":71,"column":null}},"18":{"start":{"line":34,"column":15},"end":{"line":34,"column":null}},"19":{"start":{"line":35,"column":16},"end":{"line":35,"column":null}},"20":{"start":{"line":36,"column":17},"end":{"line":36,"column":null}},"21":{"start":{"line":38,"column":33},"end":{"line":38,"column":null}},"22":{"start":{"line":39,"column":16},"end":{"line":39,"column":null}},"23":{"start":{"line":40,"column":14},"end":{"line":40,"column":null}},"24":{"start":{"line":41,"column":16},"end":{"line":41,"column":null}},"25":{"start":{"line":43,"column":2},"end":{"line":62,"column":null}},"26":{"start":{"line":43,"column":15},"end":{"line":43,"column":18}},"27":{"start":{"line":44,"column":14},"end":{"line":44,"column":null}},"28":{"start":{"line":45,"column":14},"end":{"line":45,"column":null}},"29":{"start":{"line":46,"column":4},"end":{"line":50,"column":null}},"30":{"start":{"line":47,"column":6},"end":{"line":47,"column":null}},"31":{"start":{"line":48,"column":6},"end":{"line":48,"column":null}},"32":{"start":{"line":49,"column":6},"end":{"line":49,"column":null}},"33":{"start":{"line":51,"column":4},"end":{"line":55,"column":null}},"34":{"start":{"line":52,"column":6},"end":{"line":52,"column":null}},"35":{"start":{"line":53,"column":6},"end":{"line":53,"column":null}},"36":{"start":{"line":54,"column":6},"end":{"line":54,"column":null}},"37":{"start":{"line":57,"column":21},"end":{"line":57,"column":null}},"38":{"start":{"line":58,"column":22},"end":{"line":58,"column":null}},"39":{"start":{"line":59,"column":17},"end":{"line":59,"column":null}},"40":{"start":{"line":60,"column":4},"end":{"line":60,"column":null}},"41":{"start":{"line":60,"column":15},"end":{"line":60,"column":null}},"42":{"start":{"line":61,"column":4},"end":{"line":61,"column":null}},"43":{"start":{"line":64,"column":2},"end":{"line":70,"column":null}}},"fnMap":{"0":{"name":"(anonymous_0)","decl":{"start":{"line":18,"column":16},"end":{"line":18,"column":17}},"loc":{"start":{"line":18,"column":51},"end":{"line":21,"column":null}},"line":18},"1":{"name":"(anonymous_1)","decl":{"start":{"line":20,"column":39},"end":{"line":20,"column":40}},"loc":{"start":{"line":20,"column":46},"end":{"line":20,"column":54}},"line":20},"2":{"name":"(anonymous_2)","decl":{"start":{"line":23,"column":17},"end":{"line":23,"column":18}},"loc":{"start":{"line":23,"column":56},"end":{"line":28,"column":null}},"line":23},"3":{"name":"(anonymous_3)","decl":{"start":{"line":25,"column":35},"end":{"line":25,"column":36}},"loc":{"start":{"line":25,"column":42},"end":{"line":25,"column":49}},"line":25},"4":{"name":"(anonymous_4)","decl":{"start":{"line":25,"column":69},"end":{"line":25,"column":70}},"loc":{"start":{"line":25,"column":76},"end":{"line":25,"column":83}},"line":25},"5":{"name":"(anonymous_5)","decl":{"start":{"line":26,"column":52},"end":{"line":26,"column":53}},"loc":{"start":{"line":26,"column":59},"end":{"line":26,"column":71}},"line":26},"6":{"name":"(anonymous_6)","decl":{"start":{"line":30,"column":18},"end":{"line":30,"column":19}},"loc":{"start":{"line":31,"column":2},"end":{"line":31,"column":null}},"line":31},"7":{"name":"(anonymous_7)","decl":{"start":{"line":31,"column":18},"end":{"line":31,"column":19}},"loc":{"start":{"line":31,"column":29},"end":{"line":31,"column":77}},"line":31},"8":{"name":"(anonymous_8)","decl":{"start":{"line":33,"column":28},"end":{"line":33,"column":29}},"loc":{"start":{"line":33,"column":107},"end":{"line":71,"column":null}},"line":33}},"branchMap":{"0":{"loc":{"start":{"line":19,"column":2},"end":{"line":19,"column":null}},"type":"if","locations":[{"start":{"line":19,"column":2},"end":{"line":19,"column":null}},{"start":{},"end":{}}],"line":19},"1":{"loc":{"start":{"line":24,"column":2},"end":{"line":24,"column":null}},"type":"if","locations":[{"start":{"line":24,"column":2},"end":{"line":24,"column":null}},{"start":{},"end":{}}],"line":24},"2":{"loc":{"start":{"line":26,"column":17},"end":{"line":26,"column":null}},"type":"cond-expr","locations":[{"start":{"line":26,"column":35},"end":{"line":26,"column":88}},{"start":{"line":26,"column":88},"end":{"line":26,"column":null}}],"line":26},"3":{"loc":{"start":{"line":31,"column":29},"end":{"line":31,"column":77}},"type":"binary-expr","locations":[{"start":{"line":31,"column":29},"end":{"line":31,"column":53}},{"start":{"line":31,"column":53},"end":{"line":31,"column":77}}],"line":31},"4":{"loc":{"start":{"line":46,"column":4},"end":{"line":50,"column":null}},"type":"if","locations":[{"start":{"line":46,"column":4},"end":{"line":50,"column":null}},{"start":{},"end":{}}],"line":46},"5":{"loc":{"start":{"line":46,"column":8},"end":{"line":46,"column":17}},"type":"binary-expr","locations":[{"start":{"line":46,"column":8},"end":{"line":46,"column":13}},{"start":{"line":46,"column":13},"end":{"line":46,"column":17}}],"line":46},"6":{"loc":{"start":{"line":51,"column":4},"end":{"line":55,"column":null}},"type":"if","locations":[{"start":{"line":51,"column":4},"end":{"line":55,"column":null}},{"start":{},"end":{}}],"line":51},"7":{"loc":{"start":{"line":51,"column":8},"end":{"line":51,"column":17}},"type":"binary-expr","locations":[{"start":{"line":51,"column":8},"end":{"line":51,"column":14}},{"start":{"line":51,"column":14},"end":{"line":51,"column":17}}],"line":51},"8":{"loc":{"start":{"line":60,"column":4},"end":{"line":60,"column":null}},"type":"if","locations":[{"start":{"line":60,"column":4},"end":{"line":60,"column":null}},{"start":{},"end":{}}],"line":60},"9":{"loc":{"start":{"line":61,"column":68},"end":{"line":61,"column":94}},"type":"cond-expr","locations":[{"start":{"line":61,"column":75},"end":{"line":61,"column":84}},{"start":{"line":61,"column":84},"end":{"line":61,"column":94}}],"line":61}},"s":{"0":3,"1":54,"2":0,"3":54,"4":629,"5":3,"6":629,"7":0,"8":629,"9":73,"10":771,"11":629,"12":238,"13":629,"14":3,"15":54,"16":575,"17":3,"18":27,"19":27,"20":27,"21":27,"22":27,"23":27,"24":27,"25":27,"26":27,"27":315,"28":315,"29":315,"30":0,"31":0,"32":0,"33":315,"34":1,"35":1,"36":1,"37":314,"38":314,"39":314,"40":314,"41":1,"42":314,"43":27},"f":{"0":54,"1":629,"2":629,"3":73,"4":771,"5":238,"6":54,"7":575,"8":27},"b":{"0":[0,54],"1":[0,629],"2":[238,391],"3":[575,2],"4":[0,315],"5":[315,314],"6":[1,314],"7":[315,1],"8":[1,313],"9":[313,1]},"meta":{"lastBranch":10,"lastFunction":9,"lastStatement":44,"seen":{"s:18:16:21:Infinity":0,"f:18:16:18:17":0,"b:19:2:19:Infinity:undefined:undefined:undefined:undefined":0,"s:19:2:19:Infinity":1,"s:19:34:19:Infinity":2,"s:20:2:20:Infinity":3,"f:20:39:20:40":1,"s:20:46:20:54":4,"s:23:17:28:Infinity":5,"f:23:17:23:18":2,"b:24:2:24:Infinity:undefined:undefined:undefined:undefined":1,"s:24:2:24:Infinity":6,"s:24:10:24:Infinity":7,"s:25:16:25:Infinity":8,"f:25:35:25:36":3,"s:25:42:25:49":9,"f:25:69:25:70":4,"s:25:76:25:83":10,"s:26:17:26:Infinity":11,"b:26:35:26:88:26:88:26:Infinity":2,"f:26:52:26:53":5,"s:26:59:26:71":12,"s:27:2:27:Infinity":13,"s:30:18:31:Infinity":14,"f:30:18:30:19":6,"s:31:2:31:Infinity":15,"f:31:18:31:19":7,"s:31:29:31:77":16,"b:31:29:31:53:31:53:31:77":3,"s:33:28:71:Infinity":17,"f:33:28:33:29":8,"s:34:15:34:Infinity":18,"s:35:16:35:Infinity":19,"s:36:17:36:Infinity":20,"s:38:33:38:Infinity":21,"s:39:16:39:Infinity":22,"s:40:14:40:Infinity":23,"s:41:16:41:Infinity":24,"s:43:2:62:Infinity":25,"s:43:15:43:18":26,"s:44:14:44:Infinity":27,"s:45:14:45:Infinity":28,"b:46:4:50:Infinity:undefined:undefined:undefined:undefined":4,"s:46:4:50:Infinity":29,"b:46:8:46:13:46:13:46:17":5,"s:47:6:47:Infinity":30,"s:48:6:48:Infinity":31,"s:49:6:49:Infinity":32,"b:51:4:55:Infinity:undefined:undefined:undefined:undefined":6,"s:51:4:55:Infinity":33,"b:51:8:51:14:51:14:51:17":7,"s:52:6:52:Infinity":34,"s:53:6:53:Infinity":35,"s:54:6:54:Infinity":36,"s:57:21:57:Infinity":37,"s:58:22:58:Infinity":38,"s:59:17:59:Infinity":39,"b:60:4:60:Infinity:undefined:undefined:undefined:undefined":8,"s:60:4:60:Infinity":40,"s:60:15:60:Infinity":41,"s:61:4:61:Infinity":42,"b:61:75:61:84:61:84:61:94":9,"s:64:2:70:Infinity":43}}}
,"/Users/akiftaseen/Documents/fyp/Quantum-computing-circuit/src/logic/circuitEditing.ts": {"path":"/Users/akiftaseen/Documents/fyp/Quantum-computing-circuit/src/logic/circuitEditing.ts","statementMap":{"0":{"start":{"line":14,"column":26},"end":{"line":17,"column":null}},"1":{"start":{"line":15,"column":19},"end":{"line":15,"column":null}},"2":{"start":{"line":16,"column":2},"end":{"line":16,"column":null}},"3":{"start":{"line":19,"column":31},"end":{"line":25,"column":null}},"4":{"start":{"line":20,"column":17},"end":{"line":20,"column":null}},"5":{"start":{"line":21,"column":2},"end":{"line":24,"column":null}},"6":{"start":{"line":22,"column":43},"end":{"line":22,"column":53}},"7":{"start":{"line":23,"column":45},"end":{"line":23,"column":55}},"8":{"start":{"line":27,"column":37},"end":{"line":35,"column":null}},"9":{"start":{"line":28,"column":18},"end":{"line":28,"column":null}},"10":{"start":{"line":28,"column":53},"end":{"line":28,"column":70}},"11":{"start":{"line":29,"column":19},"end":{"line":29,"column":null}},"12":{"start":{"line":29,"column":55},"end":{"line":29,"column":72}},"13":{"start":{"line":30,"column":2},"end":{"line":34,"column":null}},"14":{"start":{"line":37,"column":32},"end":{"line":41,"column":null}},"15":{"start":{"line":38,"column":19},"end":{"line":38,"column":null}},"16":{"start":{"line":38,"column":51},"end":{"line":38,"column":74}},"17":{"start":{"line":39,"column":2},"end":{"line":39,"column":null}},"18":{"start":{"line":39,"column":17},"end":{"line":39,"column":null}},"19":{"start":{"line":40,"column":2},"end":{"line":40,"column":null}}},"fnMap":{"0":{"name":"(anonymous_0)","decl":{"start":{"line":14,"column":26},"end":{"line":14,"column":27}},"loc":{"start":{"line":14,"column":86},"end":{"line":17,"column":null}},"line":14},"1":{"name":"(anonymous_1)","decl":{"start":{"line":19,"column":31},"end":{"line":19,"column":32}},"loc":{"start":{"line":19,"column":96},"end":{"line":25,"column":null}},"line":19},"2":{"name":"(anonymous_2)","decl":{"start":{"line":22,"column":36},"end":{"line":22,"column":37}},"loc":{"start":{"line":22,"column":43},"end":{"line":22,"column":53}},"line":22},"3":{"name":"(anonymous_3)","decl":{"start":{"line":23,"column":38},"end":{"line":23,"column":39}},"loc":{"start":{"line":23,"column":45},"end":{"line":23,"column":55}},"line":23},"4":{"name":"(anonymous_4)","decl":{"start":{"line":27,"column":37},"end":{"line":27,"column":38}},"loc":{"start":{"line":27,"column":104},"end":{"line":35,"column":null}},"line":27},"5":{"name":"(anonymous_5)","decl":{"start":{"line":28,"column":44},"end":{"line":28,"column":45}},"loc":{"start":{"line":28,"column":53},"end":{"line":28,"column":70}},"line":28},"6":{"name":"(anonymous_6)","decl":{"start":{"line":29,"column":46},"end":{"line":29,"column":47}},"loc":{"start":{"line":29,"column":55},"end":{"line":29,"column":72}},"line":29},"7":{"name":"(anonymous_7)","decl":{"start":{"line":37,"column":32},"end":{"line":37,"column":33}},"loc":{"start":{"line":37,"column":95},"end":{"line":41,"column":null}},"line":37},"8":{"name":"(anonymous_8)","decl":{"start":{"line":38,"column":44},"end":{"line":38,"column":45}},"loc":{"start":{"line":38,"column":51},"end":{"line":38,"column":74}},"line":38}},"branchMap":{"0":{"loc":{"start":{"line":38,"column":51},"end":{"line":38,"column":74}},"type":"binary-expr","locations":[{"start":{"line":38,"column":51},"end":{"line":38,"column":61}},{"start":{"line":38,"column":61},"end":{"line":38,"column":74}}],"line":38},"1":{"loc":{"start":{"line":39,"column":2},"end":{"line":39,"column":null}},"type":"if","locations":[{"start":{"line":39,"column":2},"end":{"line":39,"column":null}},{"start":{},"end":{}}],"line":39}},"s":{"0":1,"1":3,"2":3,"3":1,"4":3,"5":3,"6":3,"7":4,"8":1,"9":2,"10":2,"11":2,"12":3,"13":2,"14":1,"15":4,"16":9,"17":4,"18":1,"19":3},"f":{"0":3,"1":3,"2":3,"3":4,"4":2,"5":2,"6":3,"7":4,"8":9},"b":{"0":[9,9],"1":[1,3]},"meta":{"lastBranch":2,"lastFunction":9,"lastStatement":20,"seen":{"s:14:26:17:Infinity":0,"f:14:26:14:27":0,"s:15:19:15:Infinity":1,"s:16:2:16:Infinity":2,"s:19:31:25:Infinity":3,"f:19:31:19:32":1,"s:20:17:20:Infinity":4,"s:21:2:24:Infinity":5,"f:22:36:22:37":2,"s:22:43:22:53":6,"f:23:38:23:39":3,"s:23:45:23:55":7,"s:27:37:35:Infinity":8,"f:27:37:27:38":4,"s:28:18:28:Infinity":9,"f:28:44:28:45":5,"s:28:53:28:70":10,"s:29:19:29:Infinity":11,"f:29:46:29:47":6,"s:29:55:29:72":12,"s:30:2:34:Infinity":13,"s:37:32:41:Infinity":14,"f:37:32:37:33":7,"s:38:19:38:Infinity":15,"f:38:44:38:45":8,"s:38:51:38:74":16,"b:38:51:38:61:38:61:38:74":0,"b:39:2:39:Infinity:undefined:undefined:undefined:undefined":1,"s:39:2:39:Infinity":17,"s:39:17:39:Infinity":18,"s:40:2:40:Infinity":19}}}
,"/Users/akiftaseen/Documents/fyp/Quantum-computing-circuit/src/logic/circuitMacro.ts": {"path":"/Users/akiftaseen/Documents/fyp/Quantum-computing-circuit/src/logic/circuitMacro.ts","statementMap":{"0":{"start":{"line":17,"column":47},"end":{"line":39,"column":null}},"1":{"start":{"line":41,"column":18},"end":{"line":56,"column":null}},"2":{"start":{"line":42,"column":24},"end":{"line":42,"column":null}},"3":{"start":{"line":43,"column":14},"end":{"line":43,"column":null}},"4":{"start":{"line":44,"column":14},"end":{"line":44,"column":null}},"5":{"start":{"line":45,"column":2},"end":{"line":53,"column":null}},"6":{"start":{"line":45,"column":15},"end":{"line":45,"column":18}},"7":{"start":{"line":46,"column":15},"end":{"line":46,"column":null}},"8":{"start":{"line":47,"column":4},"end":{"line":47,"column":null}},"9":{"start":{"line":47,"column":20},"end":{"line":47,"column":null}},"10":{"start":{"line":48,"column":4},"end":{"line":48,"column":null}},"11":{"start":{"line":48,"column":20},"end":{"line":48,"column":null}},"12":{"start":{"line":49,"column":4},"end":{"line":52,"column":null}},"13":{"start":{"line":50,"column":6},"end":{"line":50,"column":null}},"14":{"start":{"line":51,"column":6},"end":{"line":51,"column":null}},"15":{"start":{"line":54,"column":2},"end":{"line":54,"column":null}},"16":{"start":{"line":55,"column":2},"end":{"line":55,"column":null}},"17":{"start":{"line":58,"column":20},"end":{"line":68,"column":null}},"18":{"start":{"line":59,"column":12},"end":{"line":59,"column":null}},"19":{"start":{"line":60,"column":2},"end":{"line":60,"column":null}},"20":{"start":{"line":60,"column":18},"end":{"line":60,"column":null}},"21":{"start":{"line":61,"column":2},"end":{"line":61,"column":null}},"22":{"start":{"line":61,"column":19},"end":{"line":61,"column":null}},"23":{"start":{"line":62,"column":2},"end":{"line":62,"column":null}},"24":{"start":{"line":62,"column":20},"end":{"line":62,"column":null}},"25":{"start":{"line":63,"column":2},"end":{"line":63,"column":null}},"26":{"start":{"line":63,"column":21},"end":{"line":63,"column":null}},"27":{"start":{"line":64,"column":2},"end":{"line":64,"column":null}},"28":{"start":{"line":64,"column":20},"end":{"line":64,"column":null}},"29":{"start":{"line":65,"column":2},"end":{"line":65,"column":null}},"30":{"start":{"line":65,"column":21},"end":{"line":65,"column":null}},"31":{"start":{"line":66,"column":12},"end":{"line":66,"column":null}},"32":{"start":{"line":67,"column":2},"end":{"line":67,"column":null}},"33":{"start":{"line":70,"column":22},"end":{"line":129,"column":null}},"34":{"start":{"line":71,"column":12},"end":{"line":71,"column":null}},"35":{"start":{"line":72,"column":2},"end":{"line":72,"column":null}},"36":{"start":{"line":72,"column":10},"end":{"line":72,"column":null}},"37":{"start":{"line":74,"column":19},"end":{"line":74,"column":null}},"38":{"start":{"line":75,"column":2},"end":{"line":75,"column":null}},"39":{"start":{"line":75,"column":17},"end":{"line":75,"column":null}},"40":{"start":{"line":77,"column":15},"end":{"line":77,"column":null}},"41":{"start":{"line":78,"column":16},"end":{"line":78,"column":null}},"42":{"start":{"line":79,"column":2},"end":{"line":79,"column":null}},"43":{"start":{"line":79,"column":24},"end":{"line":79,"column":34}},"44":{"start":{"line":79,"column":37},"end":{"line":79,"column":null}},"45":{"start":{"line":80,"column":15},"end":{"line":80,"column":null}},"46":{"start":{"line":82,"column":17},"end":{"line":85,"column":null}},"47":{"start":{"line":83,"column":14},"end":{"line":83,"column":null}},"48":{"start":{"line":84,"column":4},"end":{"line":84,"column":null}},"49":{"start":{"line":87,"column":2},"end":{"line":91,"column":null}},"50":{"start":{"line":88,"column":14},"end":{"line":88,"column":null}},"51":{"start":{"line":89,"column":4},"end":{"line":89,"column":null}},"52":{"start":{"line":89,"column":41},"end":{"line":89,"column":null}},"53":{"start":{"line":90,"column":4},"end":{"line":90,"column":null}},"54":{"start":{"line":93,"column":2},"end":{"line":97,"column":null}},"55":{"start":{"line":94,"column":14},"end":{"line":94,"column":null}},"56":{"start":{"line":95,"column":4},"end":{"line":95,"column":null}},"57":{"start":{"line":95,"column":41},"end":{"line":95,"column":null}},"58":{"start":{"line":96,"column":4},"end":{"line":96,"column":null}},"59":{"start":{"line":99,"column":2},"end":{"line":104,"column":null}},"60":{"start":{"line":100,"column":14},"end":{"line":100,"column":null}},"61":{"start":{"line":101,"column":14},"end":{"line":101,"column":null}},"62":{"start":{"line":102,"column":4},"end":{"line":102,"column":null}},"63":{"start":{"line":102,"column":66},"end":{"line":102,"column":null}},"64":{"start":{"line":103,"column":4},"end":{"line":103,"column":null}},"65":{"start":{"line":106,"column":2},"end":{"line":111,"column":null}},"66":{"start":{"line":107,"column":14},"end":{"line":107,"column":null}},"67":{"start":{"line":108,"column":14},"end":{"line":108,"column":null}},"68":{"start":{"line":109,"column":4},"end":{"line":109,"column":null}},"69":{"start":{"line":109,"column":66},"end":{"line":109,"column":null}},"70":{"start":{"line":110,"column":4},"end":{"line":110,"column":null}},"71":{"start":{"line":113,"column":2},"end":{"line":119,"column":null}},"72":{"start":{"line":114,"column":15},"end":{"line":114,"column":null}},"73":{"start":{"line":115,"column":15},"end":{"line":115,"column":null}},"74":{"start":{"line":116,"column":14},"end":{"line":116,"column":null}},"75":{"start":{"line":117,"column":4},"end":{"line":117,"column":null}},"76":{"start":{"line":117,"column":71},"end":{"line":117,"column":null}},"77":{"start":{"line":118,"column":4},"end":{"line":118,"column":null}},"78":{"start":{"line":121,"column":2},"end":{"line":126,"column":null}},"79":{"start":{"line":122,"column":14},"end":{"line":122,"column":null}},"80":{"start":{"line":123,"column":14},"end":{"line":123,"column":null}},"81":{"start":{"line":124,"column":4},"end":{"line":124,"column":null}},"82":{"start":{"line":124,"column":66},"end":{"line":124,"column":null}},"83":{"start":{"line":125,"column":4},"end":{"line":125,"column":null}},"84":{"start":{"line":128,"column":2},"end":{"line":128,"column":null}},"85":{"start":{"line":131,"column":26},"end":{"line":141,"column":null}},"86":{"start":{"line":132,"column":14},"end":{"line":132,"column":null}},"87":{"start":{"line":133,"column":2},"end":{"line":139,"column":null}},"88":{"start":{"line":133,"column":15},"end":{"line":133,"column":24}},"89":{"start":{"line":134,"column":4},"end":{"line":134,"column":null}},"90":{"start":{"line":134,"column":25},"end":{"line":134,"column":null}},"91":{"start":{"line":135,"column":4},"end":{"line":138,"column":null}},"92":{"start":{"line":136,"column":6},"end":{"line":136,"column":null}},"93":{"start":{"line":137,"column":6},"end":{"line":137,"column":null}},"94":{"start":{"line":137,"column":23},"end":{"line":137,"column":null}},"95":{"start":{"line":140,"column":2},"end":{"line":140,"column":null}},"96":{"start":{"line":143,"column":22},"end":{"line":164,"column":null}},"97":{"start":{"line":144,"column":13},"end":{"line":144,"column":null}},"98":{"start":{"line":145,"column":19},"end":{"line":145,"column":null}},"99":{"start":{"line":147,"column":2},"end":{"line":163,"column":null}},"100":{"start":{"line":148,"column":14},"end":{"line":148,"column":null}},"101":{"start":{"line":149,"column":4},"end":{"line":149,"column":null}},"102":{"start":{"line":149,"column":12},"end":{"line":149,"column":null}},"103":{"start":{"line":151,"column":18},"end":{"line":151,"column":null}},"104":{"start":{"line":152,"column":4},"end":{"line":154,"column":null}},"105":{"start":{"line":153,"column":6},"end":{"line":153,"column":null}},"106":{"start":{"line":156,"column":10},"end":{"line":156,"column":null}},"107":{"start":{"line":157,"column":18},"end":{"line":157,"column":null}},"108":{"start":{"line":158,"column":4},"end":{"line":158,"column":null}},"109":{"start":{"line":158,"column":19},"end":{"line":158,"column":null}},"110":{"start":{"line":160,"column":17},"end":{"line":160,"column":null}},"111":{"start":{"line":161,"column":21},"end":{"line":161,"column":null}},"112":{"start":{"line":161,"column":57},"end":{"line":161,"column":61}},"113":{"start":{"line":162,"column":4},"end":{"line":162,"column":null}},"114":{"start":{"line":166,"column":33},"end":{"line":224,"column":null}},"115":{"start":{"line":167,"column":18},"end":{"line":167,"column":null}},"116":{"start":{"line":168,"column":2},"end":{"line":174,"column":null}},"117":{"start":{"line":169,"column":4},"end":{"line":173,"column":null}},"118":{"start":{"line":176,"column":19},"end":{"line":176,"column":null}},"119":{"start":{"line":177,"column":2},"end":{"line":183,"column":null}},"120":{"start":{"line":178,"column":4},"end":{"line":182,"column":null}},"121":{"start":{"line":185,"column":16},"end":{"line":188,"column":null}},"122":{"start":{"line":187,"column":19},"end":{"line":187,"column":30}},"123":{"start":{"line":190,"column":30},"end":{"line":190,"column":null}},"124":{"start":{"line":191,"column":17},"end":{"line":191,"column":null}},"125":{"start":{"line":193,"column":2},"end":{"line":206,"column":null}},"126":{"start":{"line":193,"column":15},"end":{"line":193,"column":18}},"127":{"start":{"line":194,"column":16},"end":{"line":194,"column":null}},"128":{"start":{"line":195,"column":4},"end":{"line":201,"column":null}},"129":{"start":{"line":196,"column":6},"end":{"line":200,"column":null}},"130":{"start":{"line":203,"column":4},"end":{"line":203,"column":null}},"131":{"start":{"line":204,"column":23},"end":{"line":204,"column":null}},"132":{"start":{"line":205,"column":4},"end":{"line":205,"column":null}},"133":{"start":{"line":208,"column":30},"end":{"line":215,"column":null}},"134":{"start":{"line":208,"column":54},"end":{"line":215,"column":4}},"135":{"start":{"line":217,"column":20},"end":{"line":217,"column":null}},"136":{"start":{"line":218,"column":21},"end":{"line":218,"column":null}},"137":{"start":{"line":219,"column":2},"end":{"line":223,"column":null}}},"fnMap":{"0":{"name":"(anonymous_0)","decl":{"start":{"line":41,"column":18},"end":{"line":41,"column":19}},"loc":{"start":{"line":41,"column":46},"end":{"line":56,"column":null}},"line":41},"1":{"name":"(anonymous_1)","decl":{"start":{"line":58,"column":20},"end":{"line":58,"column":21}},"loc":{"start":{"line":58,"column":52},"end":{"line":68,"column":null}},"line":58},"2":{"name":"(anonymous_2)","decl":{"start":{"line":70,"column":22},"end":{"line":70,"column":23}},"loc":{"start":{"line":70,"column":84},"end":{"line":129,"column":null}},"line":70},"3":{"name":"(anonymous_3)","decl":{"start":{"line":79,"column":17},"end":{"line":79,"column":18}},"loc":{"start":{"line":79,"column":24},"end":{"line":79,"column":34}},"line":79},"4":{"name":"(anonymous_4)","decl":{"start":{"line":82,"column":17},"end":{"line":82,"column":18}},"loc":{"start":{"line":82,"column":49},"end":{"line":85,"column":null}},"line":82},"5":{"name":"(anonymous_5)","decl":{"start":{"line":131,"column":26},"end":{"line":131,"column":27}},"loc":{"start":{"line":131,"column":69},"end":{"line":141,"column":null}},"line":131},"6":{"name":"(anonymous_6)","decl":{"start":{"line":143,"column":22},"end":{"line":143,"column":23}},"loc":{"start":{"line":143,"column":87},"end":{"line":164,"column":null}},"line":143},"7":{"name":"(anonymous_7)","decl":{"start":{"line":161,"column":51},"end":{"line":161,"column":57}},"loc":{"start":{"line":161,"column":57},"end":{"line":161,"column":61}},"line":161},"8":{"name":"(anonymous_8)","decl":{"start":{"line":166,"column":33},"end":{"line":166,"column":34}},"loc":{"start":{"line":166,"column":91},"end":{"line":224,"column":null}},"line":166},"9":{"name":"(anonymous_9)","decl":{"start":{"line":187,"column":9},"end":{"line":187,"column":10}},"loc":{"start":{"line":187,"column":19},"end":{"line":187,"column":30}},"line":187},"10":{"name":"(anonymous_10)","decl":{"start":{"line":208,"column":41},"end":{"line":208,"column":42}},"loc":{"start":{"line":208,"column":54},"end":{"line":215,"column":4}},"line":208}},"branchMap":{"0":{"loc":{"start":{"line":47,"column":4},"end":{"line":47,"column":null}},"type":"if","locations":[{"start":{"line":47,"column":4},"end":{"line":47,"column":null}},{"start":{},"end":{}}],"line":47},"1":{"loc":{"start":{"line":48,"column":4},"end":{"line":48,"column":null}},"type":"if","locations":[{"start":{"line":48,"column":4},"end":{"line":48,"column":null}},{"start":{},"end":{}}],"line":48},"2":{"loc":{"start":{"line":49,"column":4},"end":{"line":52,"column":null}},"type":"if","locations":[{"start":{"line":49,"column":4},"end":{"line":52,"column":null}},{"start":{},"end":{}}],"line":49},"3":{"loc":{"start":{"line":49,"column":8},"end":{"line":49,"column":35}},"type":"binary-expr","locations":[{"start":{"line":49,"column":8},"end":{"line":49,"column":22}},{"start":{"line":49,"column":22},"end":{"line":49,"column":35}}],"line":49},"4":{"loc":{"start":{"line":60,"column":2},"end":{"line":60,"column":null}},"type":"if","locations":[{"start":{"line":60,"column":2},"end":{"line":60,"column":null}},{"start":{},"end":{}}],"line":60},"5":{"loc":{"start":{"line":61,"column":2},"end":{"line":61,"column":null}},"type":"if","locations":[{"start":{"line":61,"column":2},"end":{"line":61
[...]
end":{"line":82,"column":null}},"51":{"start":{"line":84,"column":4},"end":{"line":91,"column":null}},"52":{"start":{"line":85,"column":22},"end":{"line":85,"column":null}},"53":{"start":{"line":85,"column":72},"end":{"line":85,"column":83}},"54":{"start":{"line":86,"column":6},"end":{"line":90,"column":null}},"55":{"start":{"line":94,"column":2},"end":{"line":100,"column":null}},"56":{"start":{"line":95,"column":4},"end":{"line":99,"column":null}},"57":{"start":{"line":102,"column":2},"end":{"line":102,"column":null}}},"fnMap":{"0":{"name":"(anonymous_0)","decl":{"start":{"line":10,"column":20},"end":{"line":10,"column":21}},"loc":{"start":{"line":11,"column":3},"end":{"line":15,"column":null}},"line":11},"1":{"name":"(anonymous_1)","decl":{"start":{"line":17,"column":17},"end":{"line":17,"column":18}},"loc":{"start":{"line":18,"column":2},"end":{"line":18,"column":null}},"line":18},"2":{"name":"(anonymous_2)","decl":{"start":{"line":18,"column":33},"end":{"line":18,"column":34}},"loc":{"start":{"line":18,"column":43},"end":{"line":18,"column":48}},"line":18},"3":{"name":"(anonymous_3)","decl":{"start":{"line":20,"column":18},"end":{"line":20,"column":19}},"loc":{"start":{"line":20,"column":62},"end":{"line":29,"column":null}},"line":20},"4":{"name":"(anonymous_4)","decl":{"start":{"line":31,"column":39},"end":{"line":31,"column":40}},"loc":{"start":{"line":31,"column":110},"end":{"line":103,"column":null}},"line":31},"5":{"name":"(anonymous_5)","decl":{"start":{"line":33,"column":41},"end":{"line":33,"column":42}},"loc":{"start":{"line":33,"column":52},"end":{"line":33,"column":100}},"line":33},"6":{"name":"(anonymous_6)","decl":{"start":{"line":50,"column":39},"end":{"line":50,"column":40}},"loc":{"start":{"line":50,"column":46},"end":{"line":50,"column":62}},"line":50},"7":{"name":"(anonymous_7)","decl":{"start":{"line":85,"column":60},"end":{"line":85,"column":61}},"loc":{"start":{"line":85,"column":72},"end":{"line":85,"column":83}},"line":85}},"branchMap":{"0":{"loc":{"start":{"line":11,"column":3},"end":{"line":15,"column":null}},"type":"binary-expr","locations":[{"start":{"line":11,"column":3},"end":{"line":11,"column":16}},{"start":{"line":11,"column":16},"end":{"line":11,"column":null}},{"start":{"line":12,"column":3},"end":{"line":12,"column":18}},{"start":{"line":12,"column":18},"end":{"line":12,"column":null}},{"start":{"line":13,"column":3},"end":{"line":13,"column":16}},{"start":{"line":13,"column":16},"end":{"line":13,"column":null}},{"start":{"line":14,"column":3},"end":{"line":14,"column":18}},{"start":{"line":14,"column":18},"end":{"line":14,"column":null}},{"start":{"line":15,"column":3},"end":{"line":15,"column":14}},{"start":{"line":15,"column":14},"end":{"line":15,"column":null}}],"line":11},"1":{"loc":{"start":{"line":21,"column":2},"end":{"line":21,"column":null}},"type":"if","locations":[{"start":{"line":21,"column":2},"end":{"line":21,"column":null}},{"start":{},"end":{}}],"line":21},"2":{"loc":{"start":{"line":23,"column":2},"end":{"line":27,"column":null}},"type":"if","locations":[{"start":{"line":23,"column":2},"end":{"line":27,"column":null}},{"start":{},"end":{}}],"line":23},"3":{"loc":{"start":{"line":33,"column":52},"end":{"line":33,"column":100}},"type":"binary-expr","locations":[{"start":{"line":33,"column":52},"end":{"line":33,"column":76}},{"start":{"line":33,"column":76},"end":{"line":33,"column":100}}],"line":33},"4":{"loc":{"start":{"line":42,"column":4},"end":{"line":42,"column":null}},"type":"if","locations":[{"start":{"line":42,"column":4},"end":{"line":42,"column":null}},{"start":{},"end":{}}],"line":42},"5":{"loc":{"start":{"line":43,"column":4},"end":{"line":43,"column":null}},"type":"if","locations":[{"start":{"line":43,"column":4},"end":{"line":43,"column":null}},{"start":{},"end":{}}],"line":43},"6":{"loc":{"start":{"line":45,"column":4},"end":{"line":45,"column":null}},"type":"if","locations":[{"start":{"line":45,"column":4},"end":{"line":45,"column":null}},{"start":{},"end":{}}],"line":45},"7":{"loc":{"start":{"line":46,"column":4},"end":{"line":46,"column":null}},"type":"if","locations":[{"start":{"line":46,"column":4},"end":{"line":46,"column":null}},{"start":{},"end":{}}],"line":46},"8":{"loc":{"start":{"line":46,"column":8},"end":{"line":46,"column":98}},"type":"binary-expr","locations":[{"start":{"line":46,"column":8},"end":{"line":46,"column":35}},{"start":{"line":46,"column":35},"end":{"line":46,"column":98}}],"line":46},"9":{"loc":{"start":{"line":51,"column":4},"end":{"line":51,"column":null}},"type":"if","locations":[{"start":{"line":51,"column":4},"end":{"line":51,"column":null}},{"start":{},"end":{}}],"line":51},"10":{"loc":{"start":{"line":54,"column":2},"end":{"line":60,"column":null}},"type":"if","locations":[{"start":{"line":54,"column":2},"end":{"line":60,"column":null}},{"start":{},"end":{}}],"line":54},"11":{"loc":{"start":{"line":62,"column":2},"end":{"line":68,"column":null}},"type":"if","locations":[{"start":{"line":62,"column":2},"end":{"line":68,"column":null}},{"start":{},"end":{}}],"line":62},"12":{"loc":{"start":{"line":70,"column":2},"end":{"line":76,"column":null}},"type":"if","locations":[{"start":{"line":70,"column":2},"end":{"line":76,"column":null}},{"start":{},"end":{}}],"line":70},"13":{"loc":{"start":{"line":78,"column":2},"end":{"line":92,"column":null}},"type":"if","locations":[{"start":{"line":78,"column":2},"end":{"line":92,"column":null}},{"start":{},"end":{}}],"line":78},"14":{"loc":{"start":{"line":82,"column":6},"end":{"line":82,"column":null}},"type":"if","locations":[{"start":{"line":82,"column":6},"end":{"line":82,"column":null}},{"start":{},"end":{}}],"line":82},"15":{"loc":{"start":{"line":82,"column":62},"end":{"line":82,"column":97}},"type":"binary-expr","locations":[{"start":{"line":82,"column":62},"end":{"line":82,"column":92}},{"start":{"line":82,"column":92},"end":{"line":82,"column":97}}],"line":82},"16":{"loc":{"start":{"line":84,"column":4},"end":{"line":91,"column":null}},"type":"if","locations":[{"start":{"line":84,"column":4},"end":{"line":91,"column":null}},{"start":{},"end":{}}],"line":84},"17":{"loc":{"start":{"line":94,"column":2},"end":{"line":100,"column":null}},"type":"if","locations":[{"start":{"line":94,"column":2},"end":{"line":100,"column":null}},{"start":{},"end":{}}],"line":94}},"s":{"0":1,"1":2,"2":1,"3":6,"4":0,"5":1,"6":1,"7":0,"8":1,"9":1,"10":1,"11":1,"12":1,"13":1,"14":1,"15":1,"16":1,"17":3,"18":1,"19":1,"20":1,"21":1,"22":1,"23":3,"24":3,"25":3,"26":0,"27":3,"28":1,"29":2,"30":1,"31":2,"32":1,"33":1,"34":1,"35":8,"36":32,"37":8,"38":0,"39":8,"40":1,"41":1,"42":1,"43":1,"44":0,"45":1,"46":1,"47":1,"48":1,"49":4,"50":2,"51":1,"52":1,"53":1,"54":1,"55":1,"56":0,"57":1},"f":{"0":2,"1":6,"2":0,"3":1,"4":1,"5":3,"6":32,"7":1},"b":{"0":[2,0,2,0,2,0,2,0,2,2],"1":[0,1],"2":[1,0],"3":[3,0],"4":[0,3],"5":[1,2],"6":[1,1],"7":[1,1],"8":[2,2],"9":[0,8],"10":[1,7],"11":[1,0],"12":[0,1],"13":[1,0],"14":[2,2],"15":[2,1],"16":[1,0],"17":[0,1]},"meta":{"lastBranch":18,"lastFunction":8,"lastStatement":58,"seen":{"s:10:20:15:Infinity":0,"f:10:20:10:21":0,"s:11:3:15:Infinity":1,"b:11:3:11:16:11:16:11:Infinity:12:3:12:18:12:18:12:Infinity:13:3:13:16:13:16:13:Infinity:14:3:14:18:14:18:14:Infinity:15:3:15:14:15:14:15:Infinity":0,"s:17:17:18:Infinity":2,"f:17:17:17:18":1,"s:18:2:18:Infinity":3,"f:18:33:18:34":2,"s:18:43:18:48":4,"s:20:18:29:Infinity":5,"f:20:18:20:19":3,"b:21:2:21:Infinity:undefined:undefined:undefined:undefined":1,"s:21:2:21:Infinity":6,"s:21:16:21:Infinity":7,"s:22:14:22:Infinity":8,"b:23:2:27:Infinity:undefined:undefined:undefined:undefined":2,"s:23:2:27:Infinity":9,"s:24:4:24:Infinity":10,"s:25:4:25:Infinity":11,"s:26:4:26:Infinity":12,"s:28:2:28:Infinity":13,"s:31:39:103:Infinity":14,"f:31:39:31:40":4,"s:32:33:32:Infinity":15,"s:33:17:33:Infinity":16,"f:33:41:33:42":5,"s:33:52:33:100":17,"b:33:52:33:76:33:76:33:100":3,"s:35:20:35:Infinity":18,"s:36:19:36:Infinity":19,"s:37:20:37:Infinity":20,"s:39:2:47:Infinity":21,"s:39:15:39:18":22,"s:40:17:40:Infinity":23,"s:41:17:41:Infinity":24,"b:42:4:42:Infinity:undefined:undefined:undefined:undefined":4,"s:42:4:42:Infinity":25,"s:42:41:42:Infinity":26,"b:43:4:43:Infinity:undefined:undefined:undefined:undefined":5,"s:43:4:43:Infinity":27,"s:43:89:43:Infinity":28,"b:45:4:45:Infinity:undefined:undefined:undefined:undefined":6,"s:45:4:45:Infinity":29,"s:45:43:45:Infinity":30,"b:46:4:46:Infinity:undefined:undefined:undefined:undefined":7,"s:46:4:46:Infinity":31,"b:46:8:46:35:46:35:46:98":8,"s:46:98:46:Infinity":32,"s:49:2:52:Infinity":33,"s:49:17:49:20":34,"s:50:18:50:Infinity":35,"f:50:39:50:40":6,"s:50:46:50:62":36,"b:51:4:51:Infinity:undefined:undefined:undefined:undefined":9,"s:51:4:51:Infinity":37,"s:51:66:51:Infinity":38,"b:54:2:60:Infinity:undefined:undefined:undefined:undefined":10,"s:54:2:60:Infinity":39,"s:55:4:59:Infinity":40,"b:62:2:68:Infinity:undefined:undefined:undefined:undefined":11,"s:62:2:68:Infinity":41,"s:63:4:67:Infinity":42,"b:70:2:76:Infinity:undefined:undefined:undefined:undefined":12,"s:70:2:76:Infinity":43,"s:71:4:75:Infinity":44,"b:78:2:92:Infinity:undefined:undefined:undefined:undefined":13,"s:78:2:92:Infinity":45,"s:79:19:79:Infinity":46,"s:80:24:80:Infinity":47,"s:81:4:83:Infinity":48,"b:82:6:82:Infinity:undefined:undefined:undefined:undefined":14,"s:82:6:82:Infinity":49,"s:82:34:82:Infinity":50,"b:82:62:82:92:82:92:82:97":15,"b:84:4:91:Infinity:undefined:undefined:undefined:undefined":16,"s:84:4:91:Infinity":51,"s:85:22:85:Infinity":52,"f:85:60:85:61":7,"s:85:72:85:83":53,"s:86:6:90:Infinity":54,"b:94:2:100:Infinity:undefined:undefined:undefined:undefined":17,"s:94:2:100:Infinity":55,"s:95:4:99:Infinity":56,"s:102:2:102:Infinity":57}}}
,"/Users/akiftaseen/Documents/fyp/Quantum-computing-circuit/src/logic/validation.ts": {"path":"/Users/akiftaseen/Documents/fyp/Quantum-computing-circuit/src/logic/validation.ts","statementMap":{"0":{"start":{"line":16,"column":31},"end":{"line":44,"column":null}},"1":{"start":{"line":17,"column":36},"end":{"line":17,"column":null}},"2":{"start":{"line":20,"column":2},"end":{"line":26,"column":null}},"3":{"start":{"line":22,"column":4},"end":{"line":25,"column":null}},"4":{"start":{"line":29,"column":2},"end":{"line":35,"column":null}},"5":{"start":{"line":31,"column":4},"end":{"line":34,"column":null}},"6":{"start":{"line":38,"column":2},"end":{"line":41,"column":null}},"7":{"start":{"line":39,"column":23},"end":{"line":39,"column":null}},"8":{"start":{"line":40,"column":4},"end":{"line":40,"column":null}},"9":{"start":{"line":43,"column":2},"end":{"line":43,"column":null}},"10":{"start":{"line":49,"column":28},"end":{"line":104,"column":null}},"11":{"start":{"line":50,"column":36},"end":{"line":50,"column":null}},"12":{"start":{"line":53,"column":2},"end":{"line":59,"column":null}},"13":{"start":{"line":54,"column":4},"end":{"line":58,"column":null}},"14":{"start":{"line":62,"column":2},"end":{"line":70,"column":null}},"15":{"start":{"line":63,"column":4},"end":{"line":69,"column":null}},"16":{"start":{"line":64,"column":6},"end":{"line":68,"column":null}},"17":{"start":{"line":73,"column":2},"end":{"line":81,"column":null}},"18":{"start":{"line":74,"column":4},"end":{"line":80,"column":null}},"19":{"start":{"line":75,"column":6},"end":{"line":79,"column":null}},"20":{"start":{"line":84,"column":20},"end":{"line":84,"column":null}},"21":{"start":{"line":85,"column":23},"end":{"line":85,"column":null}},"22":{"start":{"line":86,"column":2},"end":{"line":92,"column":null}},"23":{"start":{"line":87,"column":4},"end":{"line":91,"column":null}},"24":{"start":{"line":95,"column":2},"end":{"line":101,"column":null}},"25":{"start":{"line":96,"column":4},"end":{"line":100,"column":null}},"26":{"start":{"line":103,"column":2},"end":{"line":103,"column":null}},"27":{"start":{"line":109,"column":29},"end":{"line":112,"column":null}},"28":{"start":{"line":110,"column":2},"end":{"line":110,"column":null}},"29":{"start":{"line":110,"column":31},"end":{"line":110,"column":null}},"30":{"start":{"line":111,"column":2},"end":{"line":111,"column":null}},"31":{"start":{"line":117,"column":34},"end":{"line":121,"column":null}},"32":{"start":{"line":118,"column":2},"end":{"line":120,"column":null}},"33":{"start":{"line":126,"column":35},"end":{"line":130,"column":null}},"34":{"start":{"line":127,"column":2},"end":{"line":129,"column":null}}},"fnMap":{"0":{"name":"(anonymous_0)","decl":{"start":{"line":16,"column":31},"end":{"line":16,"column":32}},"loc":{"start":{"line":16,"column":77},"end":{"line":44,"column":null}},"line":16},"1":{"name":"(anonymous_1)","decl":{"start":{"line":38,"column":24},"end":{"line":38,"column":32}},"loc":{"start":{"line":38,"column":32},"end":{"line":41,"column":3}},"line":38},"2":{"name":"(anonymous_2)","decl":{"start":{"line":49,"column":28},"end":{"line":49,"column":29}},"loc":{"start":{"line":49,"column":92},"end":{"line":104,"column":null}},"line":49},"3":{"name":"(anonymous_3)","decl":{"start":{"line":62,"column":23},"end":{"line":62,"column":33}},"loc":{"start":{"line":62,"column":33},"end":{"line":70,"column":3}},"line":62},"4":{"name":"(anonymous_4)","decl":{"start":{"line":73,"column":24},"end":{"line":73,"column":35}},"loc":{"start":{"line":73,"column":35},"end":{"line":81,"column":3}},"line":73},"5":{"name":"(anonymous_5)","decl":{"start":{"line":109,"column":29},"end":{"line":109,"column":30}},"loc":{"start":{"line":109,"column":56},"end":{"line":112,"column":null}},"line":109},"6":{"name":"(anonymous_6)","decl":{"start":{"line":117,"column":34},"end":{"line":117,"column":35}},"loc":{"start":{"line":117,"column":58},"end":{"line":121,"column":null}},"line":117},"7":{"name":"(anonymous_7)","decl":{"start":{"line":126,"column":35},"end":{"line":126,"column":36}},"loc":{"start":{"line":126,"column":59},"end":{"line":130,"column":null}},"line":126}},"branchMap":{"0":{"loc":{"start":{"line":20,"column":2},"end":{"line":26,"column":null}},"type":"if","locations":[{"start":{"line":20,"column":2},"end":{"line":26,"column":null}},{"start":{},"end":{}}],"line":20},"1":{"loc":{"start":{"line":20,"column":6},"end":{"line":21,"column":58}},"type":"binary-expr","locations":[{"start":{"line":20,"column":6},"end":{"line":20,"column":null}},{"start":{"line":21,"column":6},"end":{"line":21,"column":58}}],"line":20},"2":{"loc":{"start":{"line":29,"column":2},"end":{"line":35,"column":null}},"type":"if","locations":[{"start":{"line":29,"column":2},"end":{"line":35,"column":null}},{"start":{},"end":{}}],"line":29},"3":{"loc":{"start":{"line":29,"column":6},"end":{"line":30,"column":60}},"type":"binary-expr","locations":[{"start":{"line":29,"column":6},"end":{"line":29,"column":null}},{"start":{"line":30,"column":6},"end":{"line":30,"column":60}}],"line":29},"4":{"loc":{"start":{"line":53,"column":2},"end":{"line":59,"column":null}},"type":"if","locations":[{"start":{"line":53,"column":2},"end":{"line":59,"column":null}},{"start":{},"end":{}}],"line":53},"5":{"loc":{"start":{"line":53,"column":6},"end":{"line":53,"column":60}},"type":"binary-expr","locations":[{"start":{"line":53,"column":6},"end":{"line":53,"column":25}},{"start":{"line":53,"column":25},"end":{"line":53,"column":60}}],"line":53},"6":{"loc":{"start":{"line":63,"column":4},"end":{"line":69,"column":null}},"type":"if","locations":[{"start":{"line":63,"column":4},"end":{"line":69,"column":null}},{"start":{},"end":{}}],"line":63},"7":{"loc":{"start":{"line":63,"column":8},"end":{"line":63,"column":51}},"type":"binary-expr","locations":[{"start":{"line":63,"column":8},"end":{"line":63,"column":22}},{"start":{"line":63,"column":22},"end":{"line":63,"column":51}}],"line":63},"8":{"loc":{"start":{"line":74,"column":4},"end":{"line":80,"column":null}},"type":"if","locations":[{"start":{"line":74,"column":4},"end":{"line":80,"column":null}},{"start":{},"end":{}}],"line":74},"9":{"loc":{"start":{"line":74,"column":8},"end":{"line":74,"column":53}},"type":"binary-expr","locations":[{"start":{"line":74,"column":8},"end":{"line":74,"column":23}},{"start":{"line":74,"column":23},"end":{"line":74,"column":53}}],"line":74},"10":{"loc":{"start":{"line":86,"column":2},"end":{"line":92,"column":null}},"type":"if","locations":[{"start":{"line":86,"column":2},"end":{"line":92,"column":null}},{"start":{},"end":{}}],"line":86},"11":{"loc":{"start":{"line":95,"column":2},"end":{"line":101,"column":null}},"type":"if","locations":[{"start":{"line":95,"column":2},"end":{"line":101,"column":null}},{"start":{},"end":{}}],"line":95},"12":{"loc":{"start":{"line":95,"column":6},"end":{"line":95,"column":79}},"type":"binary-expr","locations":[{"start":{"line":95,"column":6},"end":{"line":95,"column":53}},{"start":{"line":95,"column":53},"end":{"line":95,"column":79}}],"line":95},"13":{"loc":{"start":{"line":110,"column":2},"end":{"line":110,"column":null}},"type":"if","locations":[{"start":{"line":110,"column":2},"end":{"line":110,"column":null}},{"start":{},"end":{}}],"line":110},"14":{"loc":{"start":{"line":118,"column":9},"end":{"line":120,"column":null}},"type":"binary-expr","locations":[{"start":{"line":118,"column":9},"end":{"line":118,"column":null}},{"start":{"line":119,"column":9},"end":{"line":119,"column":null}},{"start":{"line":120,"column":9},"end":{"line":120,"column":null}}],"line":118},"15":{"loc":{"start":{"line":127,"column":9},"end":{"line":129,"column":null}},"type":"binary-expr","locations":[{"start":{"line":127,"column":9},"end":{"line":127,"column":null}},{"start":{"line":128,"column":9},"end":{"line":128,"column":null}},{"start":{"line":129,"column":9},"end":{"line":129,"column":null}}],"line":127}},"s":{"0":1,"1":1,"2":1,"3":0,"4":1,"5":1,"6":1,"7":2,"8":2,"9":1,"10":1,"11":3,"12":3,"13":2,"14":3,"15":3,"16":2,"17":3,"18":2,"19":2,"20":3,"21":3,"22":3,"23":2,"24":3,"25":1,"26":3,"27":1,"28":3,"29":1,"30":2,"31":1,"32":2,"33":1,"34":2},"f":{"0":1,"1":2,"2":3,"3":3,"4":2,"5":3,"6":2,"7":2},"b":{"0":[0,1],"1":[1,1],"2":[1,0],"3":[1,0],"4":[2,1],"5":[3,3],"6":[2,1],"7":[3,3],"8":[2,0],"9":[2,2],"10":[2,1],"11":[1,2],"12":[3,1],"13":[1,2],"14":[2,2,1],"15":[2,1,1]},"meta":{"lastBranch":16,"lastFunction":8,"lastStatement":35,"seen":{"s:16:31:44:Infinity":0,"f:16:31:16:32":0,"s:17:36:17:Infinity":1,"b:20:2:26:Infinity:undefined:undefined:undefined:undefined":0,"s:20:2:26:Infinity":2,"b:20:6:20:Infinity:21:6:21:58":1,"s:22:4:25:Infinity":3,"b:29:2:35:Infinity:undefined:undefined:undefined:undefined":2,"s:29:2:35:Infinity":4,"b:29:6:29:Infinity:30:6:30:60":3,"s:31:4:34:Infinity":5,"s:38:2:41:Infinity":6,"f:38:24:38:32":1,"s:39:23:39:Infinity":7,"s:40:4:40:Infinity":8,"s:43:2:43:Infinity":9,"s:49:28:104:Infinity":10,"f:49:28:49:29":2,"s:50:36:50:Infinity":11,"b:53:2:59:Infinity:undefined:undefined:undefined:undefined":4,"s:53:2:59:Infinity":12,"b:53:6:53:25:53:25:53:60":5,"s:54:4:58:Infinity":13,"s:62:2:70:Infinity":14,"f:62:23:62:33":3,"b:63:4:69:Infinity:undefined:undefined:undefined:undefined":6,"s:63:4:69:Infinity":15,"b:63:8:63:22:63:22:63:51":7,"s:64:6:68:Infinity":16,"s:73:2:81:Infinity":17,"f:73:24:73:35":4,"b:74:4:80:Infinity:undefined:undefined:undefined:undefined":8,"s:74:4:80:Infinity":18,"b:74:8:74:23:74:23:74:53":9,"s:75:6:79:Infinity":19,"s:84:20:84:Infinity":20,"s:85:23:85:Infinity":21,"b:86:2:92:Infinity:undefined:undefined:undefined:undefined":10,"s:86:2:92:Infinity":22,"s:87:4:91:Infinity":23,"b:95:2:101:Infinity:undefined:undefined:undefined:undefined":11,"s:95:2:101:Infinity":24,"b:95:6:95:53:95:53:95:79":12,"s:96:4:100:Infinity":25,"s:103:2:103:Infinity":26,"s:109:29:112:Infinity":27,"f:109:29:109:30":5,"b:110:2:110:Infinity:undefined:undefined:undefined:undefined":13,"s:110:2:110:Infinity":28,"s:110:31:110:Infinity":29,"s:111:2:111:Infinity":30,"s:117:34:121:Infinity":31,"f:117:34:117:35":6,"s:118:2:120:Infinity":32,"b:118:9:118:Infinity:119:9:119:Infinity:120:9:120:Infinity":14,"s:126:35:130:Infinity":33,"f:126:35:126:36":7,"s:127:2:129:Infinity":34,"b:127:9:127:Infinity:128:9:128:Infinity:129:9:129:Infinity":15}}}
}
